</s> 0 0
I 1 1
YOU 1 2
THE 2 4
YEAH 2 6
IT 3 9
THAT 3 12
AND 4 16
IS 4 20
TO 5 25
KNOW 5 30
A 5 35
LIKE 6 41
NOT 6 47
THEY 7 54
DO 7 61
OF 7 68
SO 8 76
UH 8 84
IN 8 92
OH 9 101
HAVE 9 110
UM 9 119
RIGHT 9 128
WAS 10 138
BUT 10 148
ARE 10 158
WHAT 11 169
JUST 11 180
FOR 11 191
HMMM 11 202
AM 11 213
MY 12 225
THERE 12 237
THINK 12 249
IF 12 261
WE 13 274
WOULD 13 287
OR 13 300
BE 13 313
NO 13 326
ON 14 340
REALLY 14 354
WITH 14 368
MEAN 14 382
ABOUT 14 396
WELL 15 411
ALL 15 426
OKAY 15 441
GET 15 456
BECAUSE 15 471
AT 16 487
ONE 16 503
THIS 16 519
THEN 16 535
AH 16 551
PEOPLE 16 567
GO 17 584
OUT 17 601
HE 17 618
HOW 17 635
UH_HUH 17 652
GOING 17 669
CAN 18 687
DID 18 705
ME 18 723
GOT 18 741
WHEN 18 759
GOOD 18 777
UP 19 796
YOUR 19 815
IT'S 19 834
LOT 19 853
GUESS 19 872
AS 19 891
WORK 19 910
THEM 20 930
NOW 20 950
DON'T 20 970
SOMETHING 20 990
SHE 20 1010
TOO 20 1030
ACTUALLY 20 1050
KIND 21 1071
WHERE 21 1092
HAD 21 1113
THAT'S 21 1134
I'M 21 1155
FROM 21 1176
WERE 21 1197
SEE 22 1219
BEEN 22 1241
MUCH 22 1263
WILL 22 1285
TIME 22 1307
YES 22 1329
SAY 22 1351
COULD 22 1373
WANT 23 1396
SOME 23 1419
LITTLE 23 1442
SHOULD 23 1465
STUFF 23 1488
HERE 23 1511
AN 23 1534
THING 23 1557
MORE 23 1580
SAID 24 1604
WHO 24 1628
TWO 24 1652
WAY 24 1676
OMNIPOINT 24 1700
DOING 24 1724
VERY 24 1748
WOW 24 1772
SURE 24 1796
OTHER 25 1821
EVEN 25 1846
HAS 25 1871
THINGS 25 1896
SCHOOL 25 1921
EXACTLY 25 1946
EH 25 1971
BACK 25 1996
MAKE 25 2021
FIVE 25 2046
DOWN 26 2072
NEW 26 2098
PROBABLY 26 2124
FIRST 26 2150
PRETTY 26 2176
PHONE 26 2202
NICE 26 2228
ONLY 26 2254
CALL 26 2280
AROUND 26 2306
THEIR 27 2333
DOES 27 2360
MONEY 27 2387
INTO 27 2414
DIFFERENT 27 2441
NEVER 27 2468
KIDS 27 2495
THAN 27 2522
LIVE 27 2549
ANYTHING 27 2576
OVER 27 2603
TAKE 28 2631
OUR 28 2659
TALK 28 2687
ANY 28 2715
DAY 28 2743
WHY 28 2771
MAYBE 28 2799
THREE 28 2827
GETTING 28 2855
US 28 2883
THOUGHT 28 2911
TELL 29 2940
EVERYTHING 29 2969
TRUE 29 2998
YEARS 29 3027
YEAR 29 3056
HER 29 3085
THOSE 29 3114
LONG 29 3143
MANY 29 3172
THOUGH 29 3201
COME 29 3230
HARD 29 3259
CALLS 30 3289
THESE 30 3319
HUH 30 3349
HEAR 30 3379
BIG 30 3409
STILL 30 3439
LAST 30 3469
BAD 30 3499
LIFE 30 3529
OLD 30 3559
DEFINITELY 30 3589
WENT 30 3619
JOB 30 3649
I'VE 31 3680
HOME 31 3711
SAME 31 3742
WHICH 31 3773
BY 31 3804
CITY 31 3835
THROUGH 31 3866
ELSE 31 3897
YOU'RE 31 3928
LET 31 3959
HIM 31 3990
ALWAYS 31 4021
MINUTES 31 4052
FAR 32 4084
PUT 32 4116
ALSO 32 4148
GOD 32 4180
HOUSE 32 4212
THEY'RE 32 4244
BETTER 32 4276
TRYING 32 4308
FOUR 32 4340
DONE 32 4372
PART 32 4404
USED 32 4436
WORKING 32 4468
OFF 32 4500
TOPIC 33 4533
COLLEGE 33 4566
WHOLE 33 4599
SOMEBODY 33 4632
BIT 33 4665
COUPLE 33 4698
HEARD 33 4731
PERSON 33 4764
T. 33 4797
TWENTY 33 4830
TALKING 33 4863
PHILADELPHIA 33 4896
DOLLARS 33 4929
FEEL 33 4962
USE 33 4995
DIDN'T 34 5029
STARTED 34 5063
COMPUTER 34 5097
EITHER 34 5131
AREA 34 5165
BEING 34 5199
YORK 34 5233
AFTER 34 5267
MADE 34 5301
HUNDRED 34 5335
BELIEVE 34 5369
EVERY 34 5403
YET 34 5437
STUDY 34 5471
FIND 34 5505
SIX 35 5540
GOTTEN 35 5575
AGO 35 5610
MIGHT 35 5645
THERE'S 35 5680
WHILE 35 5715
BASICALLY 35 5750
WAGE 35 5785
GIVE 35 5820
FEW 35 5855
MOST 35 5890
BEFORE 35 5925
WATCH 35 5960
NOTHING 35 5995
EVER 35 6030
FAMILY 35 6065
MINIMUM 36 6101
MOVIE 36 6137
PAY 36 6173
NEED 36 6209
REMEMBER 36 6245
PENNSYLVANIA 36 6281
HIGH 36 6317
TIMES 36 6353
CALLED 36 6389
SHE'S 36 6425
WORKS 36 6461
NIGHT 36 6497
CAR 36 6533
COOL 36 6569
TOLD 36 6605
EVERYBODY 36 6641
NEXT 36 6677
HAVING 37 6714
LOOKING 37 6751
THOUSAND 37 6788
SAYING 37 6825
SOMEONE 37 6862
ANOTHER 37 6899
SUPPOSED 37 6936
A. 37 6973
FLAG 37 7010
SAW 37 7047
SOMETIMES 37 7084
WANTED 37 7121
WHATEVER 37 7158
REAL 37 7195
SMOKE 37 7232
GOES 37 7269
EVERYONE 37 7306
HAVEN'T 38 7344
WEEK 38 7382
PLAY 38 7420
C. 38 7458
UNIVERSITY 38 7496
START 38 7534
LOOK 38 7572
UNDERSTAND 38 7610
FUN 38 7648
ABLE 38 7686
SINCE 38 7724
TRY 38 7762
AGAIN 38 7800
ESPECIALLY 38 7838
ENOUGH 38 7876
CAUSE 38 7914
BUY 38 7952
TOOK 38 7990
LEAST 39 8029
ONCE 39 8068
GREAT 39 8107
PLACES 39 8146
KEEP 39 8185
EIGHT 39 8224
FRIEND 39 8263
WORLD 39 8302
HIS 39 8341
IDEA 39 8380
V. 39 8419
PLACE 39 8458
WORKED 39 8497
MAKING 39 8536
GUYS 39 8575
HE'S 39 8614
CERTAIN 39 8653
FUNNY 39 8692
STAY 39 8731
BUSINESS 40 8771
TODAY 40 8811
POINT 40 8851
ASK 40 8891
PENN 40 8931
AWAY 40 8971
END 40 9011
INTERNET 40 9051
AGREE 40 9091
BOTH 40 9131
HUSBAND 40 9171
LIVED 40 9211
CARE 40 9251
GONNA 40 9291
DEAL 40 9331
QUESTION 40 9371
ONES 40 9411
BETHLEHEM 40 9451
JERSEY 40 9491
LIVING 41 9532
SMALL 41 9573
TYPE 41 9614
SECOND 41 9655
COMPANY 41 9696
EASY 41 9737
SORT 41 9778
USUALLY 41 9819
SORRY 41 9860
SPEAK 41 9901
SON 41 9942
RECYCLE 41 9983
HEY 41 10024
CHANGE 41 10065
TALKED 41 10106
WHETHER 41 10147
WEEKS 41 10188
DAYS 41 10229
NINE 41 10270
SEEMS 41 10311
LEFT 42 10353
BASKETBALL 42 10395
COMING 42 10437
SEND 42 10479
NEAT 42 10521
MAN 42 10563
THIRTY 42 10605
HAPPEN 42 10647
F. 42 10689
COURSE 42 10731
ALREADY 42 10773
WE'RE 42 10815
WONDER 42 10857
SMOKING 42 10899
SEVEN 42 10941
INTERESTING 42 10983
CAN'T 42 11025
SOUNDS 42 11067
SIT 42 11109
MOVING 42 11151
QUESTIONS 42 11193
U. 43 11236
BURN 43 11279
GETS 43 11322
TAKING 43 11365
OWN 43 11408
MYSELF 43 11451
HAPPENED 43 11494
COUNTRY 43 11537
ALMOST 43 11580
GAMES 43 11623
CHECK 43 11666
MONTHS 43 11709
GOSH 43 11752
OFFICE 43 11795
YEP 43 11838
CALLING 43 11881
TOWN 43 11924
UNION 43 11967
TEN 43 12010
PROBLEM 43 12053
UNTIL 43 12096
PARENTS 43 12139
NAME 44 12183
FIGURE 44 12227
YOURSELF 44 12271
P. 44 12315
ANYWAY 44 12359
YOU'VE 44 12403
PICK 44 12447
D. 44 12491
WHAT'S 44 12535
EXTRA 44 12579
SCHOOLS 44 12623
BEST 44 12667
KNOWS 44 12711
SEEN 44 12755
INFORMATION 44 12799
PROGRAM 44 12843
EMAIL 44 12887
CAME 44 12931
MARRIED 44 12975
WATCHING 44 13019
MOM 44 13063
CELL 44 13107
MAY 44 13151
REST 45 13196
CENTRE 45 13241
MORNING 45 13286
SAYS 45 13331
MONTH 45 13376
CHRISTMAS 45 13421
PAID 45 13466
FACT 45 13511
HAPPENS 45 13556
HELP 45 13601
EACH 45 13646
HIT 45 13691
DURING 45 13736
AHEAD 45 13781
FORTY 45 13826
CRAZY 45 13871
DECIDED 45 13916
THINKING 45 13961
NUMBER 45 14006
ITS 45 14051
DEPARTMENT 45 14096
OUTSIDE 45 14141
REASON 45 14186
HOUR 45 14231
NORTH 46 14277
MOVED 46 14323
WISH 46 14369
STATE 46 14415
HALF 46 14461
TOGETHER 46 14507
KNEW 46 14553
SITTING 46 14599
NOBODY 46 14645
GONE 46 14691
FOUND 46 14737
FINE 46 14783
GAVE 46 14829
MAKES 46 14875
RECEIVED 46 14921
SISTER 46 14967
READY 46 15013
SPORTS 46 15059
DOESN'T 46 15105
STUDENT 46 15151
PROBLEMS 46 15197
TWELVE 46 15243
FREE 46 15289
KID 46 15335
SEEM 47 15382
BENSALEM 47 15429
SENT 47 15476
RUN 47 15523
SUCH 47 15570
FRIENDS 47 15617
CHOICE 47 15664
LESS 47 15711
ENGLISH 47 15758
FIELD 47 15805
TELLING 47 15852
LOTS 47 15899
S. 47 15946
SIXTY 47 15993
HAPPY 47 16040
MUSIC 47 16087
GRADE 47 16134
LUCKY 47 16181
WIFE 47 16228
DAUGHTER 47 16275
LATER 47 16322
GROUP 47 16369
NEWS 47 16416
UNIONS 47 16463
I'D 47 16510
INVOLVED 47 16557
EVENING 48 16605
OBVIOUSLY 48 16653
HOURS 48 16701
COUNTY 48 16749
CLASS 48 16797
BURNING 48 16845
SMOKER 48 16893
WISHES 48 16941
RECYCLING 48 16989
WRONG 48 17037
EXPERIENCE 48 17085
DRIVE 48 17133
LEAVE 48 17181
CLOSE 48 17229
PHONES 48 17277
OPEN 48 17325
AGE 48 17373
DEPENDS 48 17421
PLAYING 48 17469
ANYMORE 48 17517
GAME 48 17565
QUITE 48 17613
O. 48 17661
DRIVING 48 17709
FAMILIAR 48 17757
CHILD 48 17805
RATHER 48 17853
SURVEY 49 17902
IMPORTANT 49 17951
WEEKEND 49 18000
TEAM 49 18049
WORTH 49 18098
EIGHTY 49 18147
YESTERDAY 49 18196
TOTALLY 49 18245
GUY 49 18294
RECENTLY 49 18343
I'LL 49 18392
ANYWHERE 49 18441
SET 49 18490
SOUTH 49 18539
LIBRARY 49 18588
STRIKE 49 18637
LINE 49 18686
L. 49 18735
CHILDREN 49 18784
COMPANIES 49 18833
PACKAGE 49 18882
EDUCATION 49 18931
FREEDOM 49 18980
PERFECT 49 19029
GROW 49 19078
SINGLE 49 19127
TERRIBLE 49 19176
PUBLIC 50 19226
FOOTBALL 50 19276
MAJOR 50 19326
SUMMER 50 19376
FULL 50 19426
ABSOLUTELY 50 19476
SOUND 50 19526
BORA 50 19576
LIKES 50 19626
MIND 50 19676
PAYING 50 19726
LANGUAGE 50 19776
GIRLS 50 19826
SENSE 50 19876
RECEIVE 50 19926
ONLINE 50 19976
RUNNING 50 20026
WEIRD 50 20076
WAITING 50 20126
EARLY 50 20176
THIRD 50 20226
BETWEEN 50 20276
JEEZE 50 20326
WEST 50 20376
ROOM 50 20426
WANTS 50 20476
JOBS 50 20526
CUSTOMER 50 20576
NINETY 51 20627
MAIL 51 20678
BUCKS 51 20729
SITUATION 51 20780
LARRY 51 20831
CERTAINLY 51 20882
PERCENT 51 20933
TONIGHT 51 20984
FIGURED 51 21035
PRISON 51 21086
DIFFICULT 51 21137
WALK 51 21188
WAIT 51 21239
TRIED 51 21290
BAR 51 21341
STREET 51 21392
WRESTLING 51 21443
UNDER 51 21494
DEPENDING 51 21545
STORE 51 21596
FRONT 51 21647
RETIRED 51 21698
FORGET 51 21749
KEPT 51 21800
WASN'T 51 21851
HOPE 51 21902
LEARN 51 21953
MEANS 51 22004
EIGHTEEN 51 22055
PERSONALLY 52 22107
RESPECT 52 22159
POWER 52 22211
BOUGHT 52 22263
BUNCH 52 22315
ISLAND 52 22367
ASKED 52 22419
ALONG 52 22471
MOVE 52 22523
NEAR 52 22575
MOVIES 52 22627
BUYING 52 22679
TOPICS 52 22731
BOOK 52 22783
YOUNG 52 22835
SEVENTY 52 22887
COMES 52 22939
FAST 52 22991
VACATION 52 23043
BEAUTIFUL 52 23095
VOICESTREAM 52 23147
PAST 52 23199
MARKETING 52 23251
LISTEN 52 23303
OPTIONS 52 23355
PAIN 52 23407
LOST 52 23459
EMPLOYEES 52 23511
GOODNESS 52 23563
AMOUNT 52 23615
WALKING 53 23668
ORDER 53 23721
HEART 53 23774
MIDDLE 53 23827
COLLEGES 53 23880
VALLEY 53 23933
BEER 53 23986
LOSE 53 24039
EASIER 53 24092
DAD 53 24145
BLACK 53 24198
MOTHER 53 24251
READ 53 24304
SIXTEEN 53 24357
THEATRE 53 24410
SALES 53 24463
LONGER 53 24516
SCIENCE 53 24569
CIGARETTE 53 24622
CANNOT 53 24675
SERVICE 53 24728
ART 53 24781
ACTION 53 24834
ALTHOUGH 53 24887
SOON 53 24940
INSIDE 53 24993
THEMSELVES 53 25046
WHOEVER 53 25099
RESTAURANT 53 25152
UNFORTUNATELY 53 25205
LOOKED 53 25258
LOCAL 53 25311
DIFFERENCE 54 25365
COMFORTABLE 54 25419
ASKING 54 25473
B. 54 25527
MATTER 54 25581
PAPER 54 25635
M. 54 25689
FEELING 54 25743
CUT 54 25797
WITHOUT 54 25851
WHITE 54 25905
ANYONE 54 25959
IMAGINE 54 26013
INCREASE 54 26067
CHEAPER 54 26121
ANSWER 54 26175
EVERYDAY 54 26229
SIDE 54 26283
LADY 54 26337
SPEECH 54 26391
SUDDEN 54 26445
CHANCE 54 26499
BABY 54 26553
MEDIA 54 26607
DOOR 54 26661
NON 54 26715
STOP 54 26769
QUICK 54 26823
PHILLY 54 26877
HEALTH 54 26931
APPLY 54 26985
ROCK 54 27039
GIRL 55 27094
GIVING 55 27149
O.'S 55 27204
YEAR'S 55 27259
ISN'T 55 27314
INCREDIBLE 55 27369
QUIET 55 27424
COULDN'T 55 27479
LIVES 55 27534
FIFTH 55 27589
SICK 55 27644
AMERICAN 55 27699
O'CLOCK 55 27754
WOULDN'T 55 27809
BUSY 55 27864
SCARY 55 27919
TWICE 55 27974
DEAD 55 28029
BARS 55 28084
CONTROL 55 28139
MEET 55 28194
RENT 55 28249
VOICE 55 28304
LOOKS 55 28359
EXCEPT 55 28414
THANK 55 28469
TRUTH 55 28524
HOLIDAYS 55 28579
NONE 55 28634
ASSUME 55 28689
TEACHER 55 28744
POINTS 55 28799
SUBJECT 55 28854
SOMEWHERE 55 28909
SPORT 56 28965
FAVOURITE 56 29021
JAZZ 56 29077
N. 56 29133
PLAYERS 56 29189
FOLLOW 56 29245
HANGING 56 29301
STOCK 56 29357
BENEFITS 56 29413
BIGGER 56 29469
POSITION 56 29525
FINANCE 56 29581
STUCK 56 29637
INTERESTED 56 29693
PER 56 29749
COST 56 29805
FOOD 56 29861
STAYED 56 29917
FELT 56 29973
ANYBODY 56 30029
MINE 56 30085
CHARGE 56 30141
TOBACCO 56 30197
BOY 56 30253
PARTY 56 30309
THROW 56 30365
HUGE 56 30421
FIFTEEN 56 30477
SOFT 56 30533
SYSTEM 56 30589
TOWARDS 56 30645
JOKING 56 30701
ATTENTION 56 30757
HURT 56 30813
FINANCIAL 57 30870
REQUIREMENT 57 30927
GIVES 57 30984
HANDS 57 31041
SIXTH 57 31098
INCOMING 57 31155
WILLING 57 31212
HANG 57 31269
AWESOME 57 31326
OFFER 57 31383
PERSONAL 57 31440
CARS 57 31497
ENJOY 57 31554
READING 57 31611
WAR 57 31668
MUST 57 31725
H. 57 31782
SENDING 57 31839
TOUGH 57 31896
BREAKING 57 31953
SLOW 57 32010
SHOPPING 57 32067
WON'T 57 32124
OPINION 57 32181
MOSTLY 57 32238
VIDEO 57 32295
ACCOMPLISHMENT 57 32352
SAVE 57 32409
HAND 57 32466
TELECOMMUNICATIONS 57 32523
DRINKING 57 32580
YUP 57 32637
TABLE 57 32694
WORRY 57 32751
BRING 57 32808
BEGINNING 57 32865
WHENEVER 58 32923
EMPLOYEE 58 32981
BOB 58 33039
MANAGER 58 33097
SEVENTEEN 58 33155
COMMUTE 58 33213
BUILDING 58 33271
BILL 58 33329
WALLS 58 33387
CHOOSE 58 33445
CEDAR 58 33503
KNOLLS 58 33561
JEFF 58 33619
TRAINING 58 33677
ALONE 58 33735
BEDROOM 58 33793
APARTMENT 58 33851
STORY 58 33909
CATCH 58 33967
BACKGROUND 58 34025
HONEST 58 34083
DEGREE 58 34141
GARBAGE 58 34199
CAREER 58 34257
LOVE 58 34315
HIGHER 58 34373
POOR 58 34431
POSSIBLY 58 34489
COMPLETELY 58 34547
HELLO 58 34605
POLICE 58 34663
BLAH 58 34721
TOWNS 58 34779
FIFTY 58 34837
EXPENSIVE 58 34895
WOMAN 58 34953
MISS 58 35011
CLOTHES 59 35070
NATURAL 59 35129
STARTS 59 35188
STUDYING 59 35247
PRESS 59 35306
NICER 59 35365
SONGS 59 35424
LEHIGH 59 35483
ADVERTISING 59 35542
SHEET 59 35601
LICENSE 59 35660
CHANGES 59 35719
MARKET 59 35778
FATHER 59 35837
EAT 59 35896
FAN 59 35955
FICTION 59 36014
WARS 59 36073
AFRAID 59 36132
HATE 59 36191
NEITHER 59 36250
FIGURES 59 36309
PRODUCTS 59 36368
FACILITIES 59 36427
UNLESS 59 36486
KEEPING 59 36545
RYAN 59 36604
GRADUATED 59 36663
K. 59 36722
QUALITY 59 36781
SHOW 59 36840
TAKEN 59 36899
SHOT 59 36958
STUPID 59 37017
SHORT 59 37076
PIECE 59 37135
BORING 59 37194
PLANE 59 37253
YOUNGER 59 37312
WONDERING 60 37372
BECOME 60 37432
ENJOYED 60 37492
SPECIAL 60 37552
BATTERY 60 37612
NOWADAYS 60 37672
SIGNED 60 37732
DRUNK 60 37792
BASEBALL 60 37852
HIRED 60 37912
BOXING 60 37972
MINUTE 60 38032
INSTANCE 60 38092
FIRED 60 38152
OUTGOING 60 38212
LAW 60 38272
ADVISE 60 38332
SAFE 60 38392
RIDE 60 38452
STAR 60 38512
AFFECT 60 38572
HAPPENING 60 38632
ALLENTOWN 60 38692
OPPOSED 60 38752
BYE 60 38812
AMAZING 60 38872
DRANK 60 38932
ANSWERS 60 38992
R. 60 39052
RID 60 39112
ENGINEERING 60 39172
GEORGE 60 39232
SECTION 60 39292
ROAD 60 39352
EXCUSE 60 39412
FOURTH 60 39472
STRANGE 60 39532
OLDEST 60 39592
COUSIN 60 39652
CROSS 60 39712
STICK 61 39773
NEEDED 61 39834
SUPPOSE 61 39895
JANUARY 61 39956
HOPING 61 40017
POUNDS 61 40078
TAX 61 40139
JAIL 61 40200
WOMEN 61 40261
NEEDS 61 40322
PUNISHED 61 40383
SYMBOL 61 40444
PUNISHMENT 61 40505
ISSUE 61 40566
RICH 61 40627
FOURTEEN 61 40688
MILLION 61 40749
PIN 61 40810
PARTICULAR 61 40871
ORIGINALLY 61 40932
OLDER 61 40993
SMELL 61 41054
PRESENCE 61 41115
CHURCH 61 41176
JOHN 61 41237
SATURDAY 61 41298
J. 61 41359
CUSTOMERS 61 41420
INDUSTRY 61 41481
AW 61 41542
TOP 61 41603
VACATIONS 61 41664
TOY 61 41725
GLASS 61 41786
MANDATORY 61 41847
CLASSES 61 41908
AWHILE 61 41969
AFFIRMATIVE 61 42030
LATELY 61 42091
PARTS 61 42152
HELL 61 42213
LIKED 62 42275
NEIGHBOURHOOD 62 42337
PLAYED 62 42399
SKATING 62 42461
BLOCKBUSTER 62 42523
PROCESS 62 42585
CIGARS 62 42647
CARD 62 42709
DECISION 62 42771
HA 62 42833
SOCIETY 62 42895
SPOKE 62 42957
MANHATTAN 62 43019
OPPORTUNITIES 62 43081
OPPORTUNITY 62 43143
WATER 62 43205
THEY'VE 62 43267
CONVERSATION 62 43329
BAGS 62 43391
EASTON 62 43453
MATERIAL 62 43515
DEPEND 62 43577
FLICK 62 43639
SELF 62 43701
VEHICLE 62 43763
LET'S 62 43825
RULES 62 43887
MACHINE 62 43949
KILLING 62 44011
SHAPE 62 44073
SOLD 62 44135
AIR 62 44197
SPEND 62 44259
RELAX 62 44321
MISSED 62 44383
BET 62 44445
LEGAL 62 44507
INSTEAD 62 44569
GERMAN 62 44631
AIRPORT 62 44693
BELL 62 44755
YOURS 62 44817
LOVES 63 44880
TOTAL 63 44943
EXPECTING 63 45006
ERICSSON 63 45069
ENDED 63 45132
DISNEY 63 45195
FILM 63 45258
FACE 63 45321
ACROSS 63 45384
KOREA 63 45447
LEAGUE 63 45510
CHANGED 63 45573
FIRE 63 45636
FIGHT 63 45699
WHOSE 63 45762
HOOKED 63 45825
RADIO 63 45888
HUMAN 63 45951
LAWS 63 46014
DESK 63 46077
LEAVING 63 46140
FAIRLY 63 46203
AVAILABLE 63 46266
SWITCH 63 46329
REP 63 46392
EVERYWHERE 63 46455
WORD 63 46518
HELPS 63 46581
STEEL 63 46644
DECEMBER 63 46707
WORRIED 63 46770
MET 63 46833
FORCE 63 46896
PLUS 63 46959
RESTAURANTS 63 47022
DOCTOR 63 47085
DYING 63 47148
STAND 63 47211
TRANSFERRING 63 47274
HOPEFULLY 63 47337
GIVEN 63 47400
AREN'T 63 47463
BORN 63 47526
RIGHTS 63 47589
HOLD 63 47652
CIGARETTES 64 47716
DINNER 64 47780
THROUGHOUT 64 47844
DETERMINE 64 47908
SEEING 64 47972
ACCIDENT 64 48036
SHOWS 64 48100
DECENT 64 48164
ENDS 64 48228
ACCEPT 64 48292
MEN 64 48356
STATES 64 48420
RAISE 64 48484
TELLS 64 48548
CORRECT 64 48612
FLORIDA 64 48676
PREFER 64 48740
SPENT 64 48804
COP 64 48868
FLAGS 64 48932
VALUE 64 48996
DEATH 64 49060
FINANCIALLY 64 49124
BEYOND 64 49188
MARRIAGE 64 49252
BOILS 64 49316
EXPENSE 64 49380
GENDER 64 49444
DIFFERENTLY 64 49508
BOYS 64 49572
SAD 64 49636
SUPPORT 64 49700
PLAN 64 49764
DECIDE 64 49828
FOREST 64 49892
RECEIVING 64 49956
WET 64 50020
MUSTY 64 50084
COVERAGE 64 50148
TEST 64 50212
GRANDMOTHER 64 50276
SPANISH 64 50340
SOMETIME 64 50404
PAYS 64 50468
CAUGHT 64 50532
BIRTHDAY 65 50597
OCTOBER 65 50662
EFFECT 65 50727
FLIP 65 50792
NEIGHBOUR 65 50857
BREAK 65 50922
GROCERY 65 50987
HABIT 65 51052
BAN 65 51117
COLD 65 51182
CITIES 65 51247
COUPLES 65 51312
ACTIVITIES 65 51377
FUND 65 51442
SOCIAL 65 51507
SETTING 65 51572
POCONOS 65 51637
STARTING 65 51702
PACE 65 51767
MIDNIGHT 65 51832
FORTH 65 51897
SONG 65 51962
ACTUAL 65 52027
REALISE 65 52092
VIRGINIA 65 52157
TEAMS 65 52222
FEET 65 52287
FANTASTIC 65 52352
INTERNATIONAL 65 52417
COMPARE 65 52482
STRESS 65 52547
CONCERNED 65 52612
AIN'T 65 52677
HISTORY 65 52742
USING 65 52807
COMPLAINING 65 52872
STAYING 65 52937
EVE 65 53002
TROLLEY 65 53067
CONCERT 65 53132
PRO 65 53197
I. 65 53262
CANS 65 53327
DOGS 65 53392
SELL 65 53457
CONCERTS 66 53523
LAWYER 66 53589
NORTHEAST 66 53655
DOWNTOWN 66 53721
OFFERED 66 53787
CHINA 66 53853
THEY'LL 66 53919
COMMUNICATIONS 66 53985
SPEAKING 66 54051
NEWARK 66 54117
GLAD 66 54183
GRAD 66 54249
RELATED 66 54315
BACHELORS 66 54381
TOILET 66 54447
WORST 66 54513
SURGERY 66 54579
PERJURY 66 54645
FACTORY 66 54711
VEST 66 54777
GARAGE 66 54843
WISCONSIN 66 54909
JOIN 66 54975
EIGHTH 66 55041
PRE 66 55107
AWFULLY 66 55173
DIRECTION 66 55239
ATMOSPHERE 66 55305
FOUGHT 66 55371
SMART 66 55437
UNHAPPY 66 55503
JULIA 66 55569
SERIES 66 55635
ROBERTS 66 55701
SEVERAL 66 55767
REGULAR 66 55833
HECK 66 55899
CONSIDER 66 55965
TONS 66 56031
FAIR 66 56097
SURFING 66 56163
DA 66 56229
KEVIN 66 56295
UTAH 66 56361
SYSTEMS 66 56427
CLOSELY 66 56493
KEEPS 66 56559
DEALING 66 56625
ECSTATIC 67 56692
CHECKS 67 56759
QUOTES 67 56826
AMY 67 56893
OUGHT 67 56960
RAISES 67 57027
SPECIFIC 67 57094
TREATED 67 57161
COMMUNITY 67 57228
APPRECIATE 67 57295
DRINK 67 57362
SOONER 67 57429
DOUBT 67 57496
LABOUR 67 57563
PUSH 67 57630
CLEAR 67 57697
OPERATIONS 67 57764
DIRECT 67 57831
JARED 67 57898
MISTER 67 57965
TREAT 67 58032
REACTION 67 58099
NOPE 67 58166
PLOT 67 58233
MONITORING 67 58300
CONGRATULATIONS 67 58367
YOU'LL 67 58434
BOTHER 67 58501
STRESSFUL 67 58568
MONDAY 67 58635
FOLLOWING 67 58702
TIRED 67 58769
ANALYST 67 58836
GRANDKIDS 67 58903
PEOPLE'S 67 58970
HORRIBLE 67 59037
WON 67 59104
CREDITS 67 59171
OTHERWISE 67 59238
DISCUSS 67 59305
SURPRISED 67 59372
STANDARD 67 59439
NIECE 67 59506
FIFTEENTH 67 59573
HIGHLY 67 59640
WAYS 67 59707
SHIP 67 59774
CASE 67 59841
DARN 67 59908
LEARNING 67 59975
REPORT 67 60042
JAILS 67 60109
SHOOTING 68 60177
NEWSPAPER 68 60245
ACCESS 68 60313
OTHERS 68 60381
RANG 68 60449
PROGRAMS 68 60517
KNOWN 68 60585
JESUS 68 60653
ADVANTAGE 68 60721
BASIS 68 60789
CRIME 68 60857
HAWAII 68 60925
PUNISH 68 60993
DAUGHTERS 68 61061
COMMUNICATE 68 61129
SEARCH 68 61197
LIGHT 68 61265
BURNED 68 61333
KILLED 68 61401
HEAVY 68 61469
VIEW 68 61537
ALEXANDRA 68 61605
REPRESENTS 68 61673
AMERICA 68 61741
SLEEPING 68 61809
CLEAN 68 61877
DIVORCED 68 61945
STORES 68 62013
DISCRIMINATION 68 62081
BEHIND 68 62149
GREG 68 62217
REASONS 68 62285
HAPPINESS 68 62353
NURSE 68 62421
STEP 68 62489
OPINIONS 68 62557
INTERVIEWED 68 62625
TRIES 68 62693
TURN 68 62761
ACCORDING 68 62829
BOOKS 68 62897
TENTH 68 62965
ELEVENTH 68 63033
REGRET 68 63101
WHOA 68 63169
ATLANTIC 68 63237
SLEPT 68 63305
SETS 68 63373
SCARED 68 63441
CARED 68 63509
PASSED 68 63577
EVIL 68 63645
CHANNEL 69 63714
PLANNING 69 63783
MOVES 69 63852
COURT 69 63921
FAMOUS 69 63990
WE'LL 69 64059
ENTIRE 69 64128
SALAD 69 64197
NOVEMBER 69 64266
GRANDMOM 69 64335
INCLUDING 69 64404
IDEAS 69 64473
SALE 69 64542
DISCOUNT 69 64611
CHANGING 69 64680
LEVEL 69 64749
TESTING 69 64818
EATING 69 64887
ECONOMY 69 64956
APART 69 65025
LYING 69 65094
PLANT 69 65163
LACK 69 65232
FISHING 69 65301
HOT 69 65370
BECAME 69 65439
GREW 69 65508
CALIFORNIA 69 65577
MEAL 69 65646
BEGIN 69 65715
ROW 69 65784
CAMPUS 69 65853
OFTEN 69 65922
CLOSED 69 65991
WALL 69 66060
NATIONALITY 69 66129
DRAMA 69 66198
SIDES 69 66267
GROWN 69 66336
STRAIGHT 69 66405
EXTREMELY 69 66474
JUMP 69 66543
TUITION 69 66612
EXCELLENT 69 66681
ASSIGNMENTS 69 66750
THOUGHTS 69 66819
PRESSURE 69 66888
FEMALE 69 66957
BLUE 69 67026
MALE 69 67095
QUALIFIED 69 67164
ACTIVE 69 67233
ACT 70 67303
ECONOMICS 70 67373
APPALACHIA 70 67443
EASILY 70 67513
HASN'T 70 67583
YOU'D 70 67653
SLEEP 70 67723
SUBURBS 70 67793
WOMEN'S 70 67863
VIRGIL 70 67933
WHEW 70 68003
COMPETITION 70 68073
LARGER 70 68143
ICE 70 68213
BOARD 70 68283
TOMORROW 70 68353
FALL 70 68423
LATE 70 68493
FINALLY 70 68563
SUE 70 68633
SECONDS 70 68703
MARCH 70 68773
ITSELF 70 68843
SERIOUS 70 68913
ISSUES 70 68983
GRAND 70 69053
EVENINGS 70 69123
SCRAPING 70 69193
PAINT 70 69263
PLANS 70 69333
PARTIES 70 69403
CUTE 70 69473
PARTICULARLY 70 69543
ENJOYS 70 69613
BENEFICIAL 70 69683
INVEST 70 69753
GENERAL 70 69823
NINTH 70 69893
TRANSFER 70 69963
RAP 70 70033
PURCHASE 70 70103
EXPRESS 70 70173
SCHOLARSHIP 70 70243
ELEVEN 70 70313
BOULEVARD 70 70383
PLASTIC 70 70453
OPTION 70 70523
ALUMINIUM 70 70593
COSTS 70 70663
AVENUE 70 70733
SPOILED 70 70803
GRADUATE 70 70873
AUCTION 71 70944
ITALY 71 71015
FRANCE 71 71086
TRAVELLED 71 71157
TOUR 71 71228
WE'VE 71 71299
CURIOUS 71 71370
MERGER 71 71441
CRIMINAL 71 71512
JUSTICE 71 71583
MAYOR 71 71654
RIDGE 71 71725
RELATIVELY 71 71796
TRAFFIC 71 71867
TAUGHT 71 71938
WEEKENDS 71 72009
EFFECTS 71 72080
SEATTLE 71 72151
LIKELY 71 72222
DEVELOPMENT 71 72293
NEGOTIATE 71 72364
JOINT 71 72435
NORTHERN 71 72506
RELAXED 71 72577
WILLIAMSPORT 71 72648
CONNECTICUT 71 72719
LOUD 71 72790
SKI 71 72861
POTTSTOWN 71 72932
TEMPLE 71 73003
TRAVEL 71 73074
ABROAD 71 73145
PLANNED 71 73216
FINISHED 71 73287
AFTERNOON 71 73358
FOAM 71 73429
HOLDERS 71 73500
MASTERS 71 73571
RESORT 71 73642
PUNTA 71 73713
CANA 71 73784
BROTHER 71 73855
NORMAL 71 73926
CHARGES 71 73997
PARALYSED 71 74068
LIE 71 74139
DUMB 71 74210
PROTECT 71 74281
RECORDING 71 74352
BRONX 71 74423
CRAYOLA 71 74494
TAXES 72 74566
CHEESE 72 74638
ROME 72 74710
DOOT 72 74782
GROWING 72 74854
SCHLEGEL 72 74926
TEACHING 72 74998
LEARNED 72 75070
ROUGH 72 75142
HYPED 72 75214
KREMSKY 72 75286
ACHIEVE 72 75358
KRISAK 72 75430
LAMPLEY 72 75502
ROLE 72 75574
GIFT 72 75646
HOLY 72 75718
DISGUSTING 72 75790
BILINGUAL 72 75862
FORGOT 72 75934
PREGNANT 72 76006
DEFINITE 72 76078
WRECK 72 76150
HAMMER 72 76222
DOG 72 76294
SPECIFICALLY 72 76366
LOGISTICS 72 76438
COLLECT 72 76510
AUDITORS 72 76582
VOICESTREAM'S 72 76654
CLOSING 72 76726
DISRESPECT 72 76798
SEEMED 72 76870
LYON 72 76942
NATIONALITIES 72 77014
CONCESSIONS 72 77086
RANDOM 72 77158
REFS 72 77230
BECOMES 72 77302
BINGO 72 77374
TABLES 72 77446
AGES 72 77518
SMOKED 72 77590
CROWD 72 77662
QUIT 72 77734
DRUGS 72 77806
AUNT 72 77878
AMAZED 72 77950
LABS 72 78022
GOVERNMENT 72 78094
SCENE 72 78166
FORWARD 72 78238
REGION 72 78310
AMISH 72 78382
THEREFORE 72 78454
JETS 72 78526
STANDARDS 72 78598
JEEP 72 78670
TEACH 72 78742
RIDICULOUS 72 78814
EBAY 72 78886
COMEDY 72 78958
MAJORITY 72 79030
VARY 73 79103
OPPOSITE 73 79176
BRAND 73 79249
CAT 73 79322
WALKED 73 79395
COLLECTING 73 79468
W. 73 79541
RESPECTS 73 79614
REQUIRED 73 79687
GENERATION 73 79760
DEBT 73 79833
SUPPOSEDLY 73 79906
CASES 73 79979
RESEARCH 73 80052
AVERAGE 73 80125
AREAS 73 80198
FEDERAL 73 80271
COMPUTERS 73 80344
FOOT 73 80417
PRISONERS 73 80490
FAMILIES 73 80563
LOCKER 73 80636
ASPECT 73 80709
CHAIN 73 80782
TRANSITION 73 80855
DORM 73 80928
JEFF'S 73 81001
SOUNDED 73 81074
GREETINGS 73 81147
INFECTION 73 81220
SCREWED 73 81293
INDOORS 73 81366
EDUCATED 73 81439
STRETCH 73 81512
PRODUCTIVE 73 81585
TRAINED 73 81658
PICKING 73 81731
TRASH 73 81804
COMMITTED 73 81877
UPON 73 81950
CAREFUL 73 82023
BIGGEST 73 82096
TELE 73 82169
RETARDED 73 82242
LA 73 82315
CROSSES 73 82388
FORCED 73 82461
OWNERS 73 82534
FURNITURE 73 82607
UPSTAIRS 73 82680
SHAME 73 82753
SYMBOLIC 73 82826
SHARE 73 82899
DEALS 73 82972
FIT 73 83045
BREATHE 73 83118
REVENUE 73 83191
CHOICES 73 83264
GOOGOBS 73 83337
INTERESTS 73 83410
SELFSERVING 73 83483
ORIGINAL 73 83556
SEVENTH 73 83629
ROLES 73 83702
LIMITED 74 83776
STAYS 74 83850
BIXBY 74 83924
WIDOW 74 83998
TITLE 74 84072
HITTING 74 84146
SILLY 74 84220
BABIES 74 84294
HARDER 74 84368
SELFISH 74 84442
MILES 74 84516
MOM'S 74 84590
BRADY 74 84664
ALIVE 74 84738
TECH 74 84812
DISCUSSING 74 84886
LIBERAL 74 84960
ARTS 74 85034
RECOMMEND 74 85108
ECOLOGY 74 85182
MAJORS 74 85256
INCLINED 74 85330
DISCUSSION 74 85404
CENTS 74 85478
REDUCED 74 85552
RATE 74 85626
MID 74 85700
ROBERT 74 85774
TWELFTH 74 85848
TRAVELLING 74 85922
HOLYFIELD 74 85996
MENTION 74 86070
CORNY 74 86144
TELEPHONE 74 86218
LEWIS 74 86292
TURNED 74 86366
HAUNTED 74 86440
FREAK 74 86514
GAIN 74 86588
LORD 74 86662
PROFILE 74 86736
WORSE 74 86810
HEARING 74 86884
SHOOT 74 86958
NOTICED 74 87032
FUTURE 74 87106
TRIAL 74 87180
MOTIVE 74 87254
PAGE 74 87328
HARRISON 74 87402
GRANDMOTHER'S 74 87476
COCKROACH 74 87550
COUNSELLING 74 87624
DIED 74 87698
ACTED 74 87772
REMINDED 74 87846
DIE 74 87920
BEATLES 74 87994
TUNED 74 88068
INTRUSION 74 88142
INSTANCES 74 88216
MAGAZINES 74 88290
CARES 74 88364
PRESIDENT 75 88439
FLIGHTS 75 88514
EVERYBODY'S 75 88589
BADLY 75 88664
NINETIES 75 88739
CHARGER 75 88814
ADDICTED 75 88889
BED 75 88964
HOWEVER 75 89039
DAUGHTER'S 75 89114
NOKIAS 75 89189
DOUBLE 75 89264
RELIGION 75 89339
DISCUSSED 75 89414
LINES 75 89489
SHOWING 75 89564
THREW 75 89639
WINSTONS 75 89714
READILY 75 89789
CASH 75 89864
HARVEST 75 89939
POT 75 90014
SUFFER 75 90089
ENJOYABLE 75 90164
ALASKA 75 90239
JAPAN 75 90314
EXTENDED 75 90389
RESPONSE 75 90464
SECURITY 75 90539
CISCO 75 90614
FABULOUS 75 90689
ORIENTED 75 90764
POLITE 75 90839
PHYSICALLY 75 90914
CONSCIOUS 75 90989
SHOWED 75 91064
SEATS 75 91139
LARGE 75 91214
STAGNANT 75 91289
SMOKERS 75 91364
HERITAGE 75 91439
SERIOUSLY 75 91514
INSURANCE 75 91589
RAISING 75 91664
FRIEND'S 75 91739
CORNER 75 91814
CHAMPAGNE 75 91889
ACTIVATIONS 75 91964
DUE 75 92039
PATHETIC 75 92114
AEROPLANES 75 92189
SPACE 75 92264
PROPER 75 92339
BEACH 75 92414
PARTICIPATE 75 92489
ANSWERING 75 92564
AUDIENCE 75 92639
RAN 75 92714
FINDING 75 92789
CONVENIENT 75 92864
ASSISTANCE 75 92939
CONVENIENCE 75 93014
G. 75 93089
PHOENIX 75 93164
LOG 76 93240
PROFESSOR 76 93316
SEMESTER 76 93392
REPLY 76 93468
COMMENTS 76 93544
FOCUS 76 93620
OFFERING 76 93696
DEGREES 76 93772
FRESHMAN 76 93848
COLLECTOR 76 93924
MOUTH 76 94000
BROUGHT 76 94076
TRACK 76 94152
QUOTE 76 94228
RACE 76 94304
ETHNICITY 76 94380
SPITE 76 94456
WIRELESS 76 94532
GREEN 76 94608
HELD 76 94684
TRADE 76 94760
DROPPED 76 94836
WORKERS 76 94912
LIST 76 94988
POSITIVE 76 95064
MEMBER 76 95140
RURAL 76 95216
COLOUR 76 95292
COAL 76 95368
LIFESTYLE 76 95444
RED 76 95520
WIRE 76 95596
QUICKLY 76 95672
VETERAN 76 95748
DEEP 76 95824
ADMITTED 76 95900
UNCLE 76 95976
PROFESSIONAL 76 96052
INTERVIEW 76 96128
CONTINUE 76 96204
ALLOWED 76 96280
TWIST 76 96356
DANCE 76 96432
LOSING 76 96508
SHIFT 76 96584
VOLCANO 76 96660
FORM 76 96736
EXERCISE 76 96812
BROTHERS 76 96888
NURSES 76 96964
PREP 76 97040
PRIVATE 76 97116
WATCHES 76 97192
DANGEROUS 76 97268
UNDERSTOOD 76 97344
FEATURE 76 97420
LEVELS 76 97496
RETENTION 76 97572
OBVIOUS 76 97648
MONTHLY 76 97724
CHOSE 76 97800
SUPER 76 97876
WINTER 76 97952
INSTITUTE 76 98028
CONSIDERING 77 98105
UNIFIED 77 98182
EXPECT 77 98259
AD 77 98336
PROVIDER 77 98413
CAVITIES 77 98490
BACTERIA 77 98567
BACTERIAL 77 98644
VACCINES 77 98721
MEDICINE 77 98798
KITCHEN 77 98875
YARDS 77 98952
DENTIST 77 99029
COMFORTABLY 77 99106
SIXTEENTH 77 99183
RELATIONSHIP 77 99260
REFUSE 77 99337
ADMIT 77 99414
BENEFIT 77 99491
MEETING 77 99568
EPISODE 77 99645
WHACKED 77 99722
V.'S 77 99799
SCREEN 77 99876
CROWDED 77 99953
ERIC 77 100030
SPOT 77 100107
BOYDE 77 100184
RESPONSIBILITY 77 100261
SPRINT 77 100338
PUTTING 77 100415
SCALLOPS 77 100492
SHRIMP 77 100569
DESSERTS 77 100646
CORPORATE 77 100723
ENTERTAINMENT 77 100800
VERSION 77 100877
CHICKEN 77 100954
AWKWARD 77 101031
LEGS 77 101108
OPENED 77 101185
KINDERGARTEN 77 101262
THEY'D 77 101339
BASIC 77 101416
RELAXING 77 101493
ASSUMING 77 101570
CONDOLENCES 77 101647
HUNG 77 101724
CASINOS 77 101801
SIMPLE 77 101878
LARRY'S 77 101955
BORED 77 102032
BABYSITTING 77 102109
NOISE 77 102186
MAKERS 77 102263
DOGMA 77 102340
ELVES 77 102417
SOLITAIRE 77 102494
WASTE 77 102571
MANUFACTURER 77 102648
SIGHT 77 102725
CONTENTS 77 102802
FREQUENTLY 77 102879
OCCASIONALLY 78 102957
SOMEHOW 78 103035
MESS 78 103113
PLEASE 78 103191
CURRANT 78 103269
MAIN 78 103347
CORNELL 78 103425
WEIGHT 78 103503
ELTON 78 103581
BOYFRIEND 78 103659
SHANIA 78 103737
TWAIN 78 103815
HIP 78 103893
HOP 78 103971
CORE 78 104049
ASIANS 78 104127
SINGLES 78 104205
STATION 78 104283
FORWARDED 78 104361
MAXIMUM 78 104439
INSTITUTIONS 78 104517
PACKAGES 78 104595
SWITCHING 78 104673
T.'S 78 104751
KICKING 78 104829
CRITERIA 78 104907
VIRTUAL 78 104985
REALITY 78 105063
STYLE 78 105141
THIRTEEN 78 105219
STRAPPED 78 105297
PERIOD 78 105375
MONITOR 78 105453
WONDERFUL 78 105531
DOT 78 105609
COM 78 105687
AFFORD 78 105765
STOOD 78 105843
VIOLENCE 78 105921
VIOLENT 78 105999
EERIE 78 106077
BORDERLINE 78 106155
BEAT 78 106233
CELLULAR 78 106311
LOVED 78 106389
SIMILAR 78 106467
MEMPHIS 78 106545
SWITCHBOARD 78 106623
JONES 78 106701
DISASTER 78 106779
STEVIE 78 106857
RAY 78 106935
VAUGHN 78 107013
DUTCH 78 107091
SHARES 78 107169
HUMID 78 107247
VEG 78 107325
STOCKS 78 107403
PARIS 78 107481
RUSH 78 107559
IRELAND 78 107637
ANIMATION 78 107715
CHEAP 78 107793
COFFEE 78 107871
ADMINISTRATION 79 107950
RENDELL 79 108029
TOURIST 79 108108
NEIGHBOURHOODS 79 108187
RESIDENTS 79 108266
MEXICO 79 108345
PAN 79 108424
HELPFUL 79 108503
RECOGNISE 79 108582
UNITED 79 108661
FAMILY'S 79 108740
FOREIGN 79 108819
CENTRAL 79 108898
ASKS 79 108977
ATTITUDE 79 109056
WRITING 79 109135
INTACT 79 109214
JACK 79 109293
PRIM 79 109372
UNEMPLOYMENT 79 109451
PARSIPPANY 79 109530
WIFE'S 79 109609
DIET 79 109688
GROUPS 79 109767
SEVERANCE 79 109846
APPEARS 79 109925
OFFERS 79 110004
FITS 79 110083
SMALLER 79 110162
CARRYING 79 110241
SUNDAY 79 110320
TIMING 79 110399
BEEPS 79 110478
WORKER 79 110557
DRY 79 110636
TRENDS 79 110715
IMPACT 79 110794
PERCENTAGE 79 110873
REGISTERED 79 110952
WEEKDAYS 79 111031
ANYTIME 79 111110
VENTURE 79 111189
MICHIGAN 79 111268
INTENSE 79 111347
SESSION 79 111426
COMPARED 79 111505
BRAIN 79 111584
THREAT 79 111663
JUNE 79 111742
SLOWER 79 111821
TOUCH 79 111900
PITTSBURGH 79 111979
WASHINGTON 79 112058
MAINLY 79 112137
BELIEFS 79 112216
UNDERGRADS 79 112295
PROUD 79 112374
CLUB 79 112453
FOREVER 79 112532
CRYING 79 112611
CHILDHOOD 79 112690
HIRE 79 112769
TRIP 79 112848
TEACHERS 80 112928
MAPLEWOOD 80 113008
ESSEX 80 113088
BRIDGEWATER 80 113168
PHARMACEUTICAL 80 113248
FINISH 80 113328
BROADHEAD 80 113408
OPERATION 80 113488
VOLUME 80 113568
STACKS 80 113648
BATTERIES 80 113728
CREATE 80 113808
INFLATED 80 113888
RECYCLED 80 113968
PARTTIME 80 114048
CREATES 80 114128
PUTS 80 114208
ACCOUNT 80 114288
PENCIL 80 114368
WRAPS 80 114448
CARDBOARD 80 114528
SKILLS 80 114608
NATIONAL 80 114688
DREAM 80 114768
DOMINICAN 80 114848
REPUBLIC 80 114928
PUERTO 80 115008
RICAN 80 115088
PORTUGUESE 80 115168
DE 80 115248
JENERO 80 115328
BABERO 80 115408
SNOW 80 115488
RIVER 80 115568
DADDY 80 115648
RESOURCES 80 115728
EXPLOSIONS 80 115808
FINAL 80 115888
PAPERWORK 80 115968
HOUSES 80 116048
COPS 80 116128
STOPPED 80 116208
BIRTH 80 116288
RHYTHM 80 116368
LOW 80 116448
BURGERS 80 116528
WHEREVER 80 116608
STICKS 80 116688
RORIE 80 116768
PEDESTRIAN 80 116848
MISSION 80 116928
INCIDENT 80 117008
SEVERELY 80 117088
MIKE 80 117168
MERCEL 80 117248
CAREFULLY 80 117328
LIED 80 117408
FELONY 80 117488
BUYS 80 117568
SEES 80 117648
OUTCOME 80 117728
TERMINATED 80 117808
BERNICE 80 117888
ABOVE 80 117968
WORKPLACE 81 118049
BEN 81 118130
SALEM 81 118211
RELATIVE 81 118292
MESSAGE 81 118373
AUGUST 81 118454
CURRENTLY 81 118535
MINNESOTA 81 118616
RUTGERS 81 118697
INS 81 118778
INCOME 81 118859
BLACKS 81 118940
UNLIMITED 81 119021
CARPENTRY 81 119102
DEADLINES 81 119183
DISTANCE 81 119264
UNFAIR 81 119345
BATHROOM 81 119426
HURRY 81 119507
TERM 81 119588
DRUG 81 119669
DEALERS 81 119750
PENN'S 81 119831
LANDING 81 119912
TEMPORARY 81 119993
FORGETS 81 120074
RHODE 81 120155
LAWYERS 81 120236
HELPING 81 120317
MATT 81 120398
PRICE 81 120479
REACT 81 120560
GAS 81 120641
PORTS 81 120722
PRICES 81 120803
SALSA 81 120884
BLOCK 81 120965
BASE 81 121046
STATIONS 81 121127
NOBODY'S 81 121208
SUGGESTED 81 121289
GOODBYE 81 121370
HI 81 121451
BOARDS 81 121532
NOVEL 81 121613
MARS 81 121694
JAN 81 121775
ERICSON 81 121856
ERICSONS 81 121937
MAD 81 122018
BOATS 81 122099
JUNIOR 81 122180
MART 81 122261
INQUIRER 81 122342
CAROLINE'S 81 122423
WOODS 81 122504
COCAINE 81 122585
MONICA 81 122666
JUNKIE 81 122747
ALICIA 81 122828
HILLARY 81 122909
LOWEST 81 122990
CUTTING 81 123071
SHIPPED 81 123152
SENIOR 81 123233
RETURN 81 123314
ADJUSTERS 81 123395
MOTHER'S 81 123476
PACK 81 123557
GRAVE 81 123638
MANAGER'S 81 123719
BUCK 81 123800
WAGES 81 123881
WISE 81 123962
VALUABLES 81 124043
CONTRACT 82 124125
MOTOROLAS 82 124207
OVERCHARGING 82 124289
SHUTS 82 124371
ELECTIVE 82 124453
A.'S 82 124535
OVERCHARGE 82 124617
ERICSSONS 82 124699
CANT 82 124781
LETTING 82 124863
RUDE 82 124945
NERVE 82 125027
ELSE'S 82 125109
IMAGINARY 82 125191
EMAILED 82 125273
LUNCH 82 125355
WINSTON 82 125437
VALUABLE 82 125519
HOBBY 82 125601
PROVIDES 82 125683
HEAVILY 82 125765
SPERM 82 125847
EVIDENCE 82 125929
CANCER 82 126011
MERGING 82 126093
SAMSON 82 126175
FLOWERS 82 126257
MARLBORO 82 126339
EARN 82 126421
APPEALING 82 126503
CHASED 82 126585
MARLBOROS 82 126667
RACKS 82 126749
UNBELIEVABLE 82 126831
KENTUCKY 82 126913
FARM 82 126995
REFEREE 82 127077
PICKS 82 127159
CROP 82 127241
ACRE 82 127323
WANTING 82 127405
ELATED 82 127487
ANNOYING 82 127569
ATTIC 82 127651
ACH 82 127733
SMASHED 82 127815
AGAINST 82 127897
SMOKES 82 127979
VOLCANIC 82 128061
TEND 82 128143
OIL 82 128225
DIGITAL 82 128307
ORLANDO 82 128389
WOMAN'S 82 128471
BOATING 82 128553
ERUPTION 82 128635
HAWAIIAN 82 128717
FRANKLIN 82 128799
EXTREME 82 128881
DIVERSIFY 82 128963
BITS 82 129045
OUTDOOR 82 129127
WORKAHOLIC 82 129209
DILEMMA 82 129291
POSTED 82 129373
PARTICIPANTS 82 129455
ACTOR 82 129537
CONNECTING 82 129619
BUTTONS 82 129701
NEARBY 82 129783
EXTENSION 82 129865
DENY 82 129947
MILITARY 82 130029
VAGINA 82 130111
PIECES 82 130193
KUTZTOWN 82 130275
SHOWER 82 130357
FIANCE 82 130439
COMPLAINS 82 130521
INDICATION 82 130603
MACHINERY 82 130685
MAPLE 82 130767
ADULT 82 130849
BUSTED 82 130931
FRIENDLY'S 82 131013
CLUE 82 131095
HABITS 82 131177
COMFORTS 82 131259
WIPED 82 131341
INPUT 83 131424
OUTING 83 131507
AEROPLANE 83 131590
BREATH 83 131673
LANGUAGES 83 131756
OOPS 83 131839
VEGAS 83 131922
UNDOUBTEDLY 83 132005
SANDWICHED 83 132088
ACTIVATION 83 132171
GAG 83 132254
NIGHTMARE 83 132337
HISPANICS 83 132420
LISA 83 132503
SMALLEST 83 132586
ERIN 83 132669
CURRICULAR 83 132752
EMAILS 83 132835
COMMUNITIES 83 132918
BUTTER 83 133001
IMPERATIVE 83 133084
SPONSORED 83 133167
MINESCU 83 133250
MERE 83 133333
READINGS 83 133416
BILLION 83 133499
HARDENED 83 133582
CRIMINALS 83 133665
SPARTAN 83 133748
FORTIETH 83 133831
WALNUT 83 133914
ANNOUNCEMENT 83 133997
SATELLITE 83 134080
CLOSES 83 134163
DAVE 83 134246
COUNTDOWN 83 134329
SPECULATION 83 134412
ILLEGAL 83 134495
SPARKLER 83 134578
HOARD 83 134661
MERGERS 83 134744
RECREATION 83 134827
YARD 83 134910
CONSOLIDATIONS 83 134993
SYMPATHETIC 83 135076
NAUSEOUS 83 135159
WEIGHTS 83 135242
WHEREAS 83 135325
TELEVISION 83 135408
CONFINED 83 135491
QUACK 83 135574
ROUGHER 83 135657
VENTILATION 83 135740
OUTGROW 83 135823
MYRTLE 83 135906
SALARY 83 135989
TRAVELLER 83 136072
FOUNDATION 83 136155
CONTACTED 83 136238
GRANDSTANDING 83 136321
PHASED 83 136404
GENERALLY 83 136487
LIBRARIES 83 136570
EVIDENTLY 83 136653
CONSTRUCTION 83 136736
CELEBRATING 83 136819
ALCOHOL 83 136902
FUNDED 83 136985
YOUNGSTERS 83 137068
DRAMATICALLY 83 137151
CONTINUOUSLY 83 137234
ACCOUNTS 83 137317
RAISED 83 137400
PARKED 83 137483
PLAYS 83 137566
VISITS 83 137649
EXPLAIN 83 137732
Q. 83 137815
ALEX'S 83 137898
JAWS 83 137981
LENIENT 83 138064
POISONING 83 138147
EVENTFUL 83 138230
BULGING 83 138313
ATTEND 83 138396
DOLL 83 138479
ENGAGED 83 138562
CLOCK 83 138645
JERKING 83 138728
EXIST 83 138811
HOLDING 84 138895
GANGS 84 138979
TWIN 84 139063
HOMEWORK 84 139147
CANDY 84 139231
MEDICATION 84 139315
PACED 84 139399
AGGRESSIVE 84 139483
CHAPTERS 84 139567
DOWNLOAD 84 139651
TYPES 84 139735
SEAMS 84 139819
CLASSMATES 84 139903
UPS 84 139987
SUBMIT 84 140071
RESPONSES 84 140155
CORPORATION 84 140239
ATTENDING 84 140323
NETWORKING 84 140407
POSSIBILITIES 84 140491
CHOSEN 84 140575
COMMENT 84 140659
ORLEANS 84 140743
SCORES 84 140827
CREDIBILITY 84 140911
CREDIBLE 84 140995
BREATHALYSER 84 141079
BUDGET 84 141163
THREATENING 84 141247
FOCUSED 84 141331
DRAWBACK 84 141415
BROCKOVICH 84 141499
SHARP 84 141583
FRANK 84 141667
TAKES 84 141751
WORDS 84 141835
HOSPITALITY 84 141919
GRADUATING 84 142003
CHAT 84 142087
ASSIGNMENT 84 142171
FASCINATING 84 142255
WORTHWHILE 84 142339
PROGRESSED 84 142423
REGIONAL 84 142507
VALID 84 142591
TRADITIONAL 84 142675
POSSIBLE 84 142759
COMMISSION 84 142843
SPIN 84 142927
WHEELS 84 143011
WASTING 84 143095
DOWNS 84 143179
FLOOR 84 143263
POSITIONS 84 143347
SINUS 84 143431
FINALISING 84 143515
HOTWHEELS 84 143599
LOSES 84 143683
COLLEAGUES 84 143767
BOSS 84 143851
CAPACITY 84 143935
DATA 84 144019
BEFOREHAND 84 144103
IMPRESSED 84 144187
TRADITIONALLY 84 144271
GYM 84 144355
GUIDANCE 84 144439
SOFA 84 144523
DISAPPROPRIATE 84 144607
RAILROAD 84 144691
NINETEEN 84 144775
CIVIL 84 144859
CAMP 84 144943
LISTS 84 145027
DETERRING 84 145111
SUGGESTION 84 145195
SATISFIED 84 145279
GEOLOGICAL 84 145363
ARGUE 84 145447
PROPERLY 84 145531
BREAD 84 145615
DOWNINGTOWN 84 145699
MICHAEL 84 145783
SPECIALS 84 145867
MINERS 84 145951
BELIEF 84 146035
SKIN 84 146119
SEXUAL 84 146203
PREFERENCE 84 146287
CUBE 84 146371
STRIPE 85 146456
PURPLE 85 146541
PINK 85 146626
FINGERNAILS 85 146711
BEINGS 85 146796
OW 85 146881
EXPOSED 85 146966
BANDS 85 147051
MILE 85 147136
SHOCK 85 147221
RATINGS 85 147306
KINDLING 85 147391
BIASED 85 147476
INFRINGING 85 147561
SOMEBODY'S 85 147646
RADIUS 85 147731
DEFENDING 85 147816
JUNGLE 85 147901
KNEE 85 147986
ROADS 85 148071
RICE 85 148156
PATTIES 85 148241
PUNK 85 148326
IRRELEVANT 85 148411
EXHAUSTED 85 148496
JORDAN 85 148581
SHOES 85 148666
DRINKER 85 148751
AGGRAVATED 85 148836
MESSAGES 85 148921
MEPHISTOPHELES 85 149006
DAILY 85 149091
BENEFICIALLY 85 149176
NIKE 85 149261
JOE 85 149346
MATCHBOX 85 149431
BESIDES 85 149516
DISTRICT 85 149601
WIND 85 149686
COURTS 85 149771
DISTRICTS 85 149856
SPACESHIP 85 149941
ACCRUALS 85 150026
ARM 85 150111
FORECASTING 85 150196
FLAT 85 150281
ZERO 85 150366
SKATES 85 150451
RARELY 85 150536
EVERYONE'S 85 150621
TUMBLE 85 150706
FLU 85 150791
OUTCOMING 85 150876
WHERE'S 85 150961
SHIFTS 85 151046
GOOSE 85 151131
SWEATING 85 151216
PLOP 85 151301
VIOLATES 85 151386
SCANLIN 85 151471
NAMED 85 151556
TEACHES 85 151641
KOREANS 85 151726
ADOPTED 85 151811
TERMS 85 151896
TOUGHER 85 151981
RIDER 85 152066
ESSENTIALLY 85 152151
AMENABLE 85 152236
ACADEMIC 85 152321
MEASURE 85 152406
KAREM 85 152491
TRIALS 85 152576
BUMPS 85 152661
SYMBOLISE 85 152746
CHILDRENS 85 152831
ATTRIBUTED 85 152916
STEEPING 85 153001
RECENT 85 153086
PERSON'S 85 153171
CLEARLY 85 153256
TERMINOLOGY 85 153341
ARGUING 85 153426
APPEALED 85 153511
WOUND 85 153596
DISCONNECTING 85 153681
ULTIMATELY 85 153766
NA-DI-DA-DI-DA 85 153851
EARTH 85 153936
TECHNOLOGY 85 154021
HANDICAP 86 154107
HEADSETS 86 154193
POWERFUL 86 154279
LORDY 86 154365
MULTI 86 154451
TASK 86 154537
DEVELOPED 86 154623
INDIVIDUALS 86 154709
SAVING 86 154795
WELCOME 86 154881
COUPONS 86 154967
KNOWING 86 155053
COVER 86 155139
CERTIFICATE 86 155225
CHALLENGING 86 155311
BOAT 86 155397
SOFTBALL 86 155483
THANKFUL 86 155569
NECESSARILY 86 155655
GENTLEMEN 86 155741
STAKE 86 155827
INTEND 86 155913
LAME 86 155999
DUTY 86 156085
POWERS 86 156171
SKATE 86 156257
RUNS 86 156343
VIGOROUS 86 156429
MOVEMENT 86 156515
CONDITIONED 86 156601
ADRENALINE 86 156687
PUMPING 86 156773
HEALTHIER 86 156859
HALLOWEEN 86 156945
UTILISE 86 157031
STRENGTHS 86 157117
CLOTH 86 157203
SCHEDULE 86 157289
MATCH 86 157375
DESTROYING 86 157461
BULLETIN 86 157547
SKINNY 86 157633
EAGLES 86 157719
ITEM 86 157805
DENTAL 86 157891
DIVIDENDS 86 157977
DENTISTRY 86 158063
ORTHODONTICS 86 158149
TURNS 86 158235
PANS 86 158321
PATIENTS 86 158407
ORTHODONTIC 86 158493
BRACES 86 158579
PAINFUL 86 158665
VOLUNTARY 86 158751
DRILLING 86 158837
VACCINE 86 158923
DADADADADADA 86 159009
CAUSED 86 159095
INFRINGE 86 159181
DAN 86 159267
COUCH 86 159353
ELIMINATE 86 159439
AFFECTS 86 159525
MODERN 86 159611
SECTIONAL 86 159697
PULL 86 159783
TOOTH 86 159869
DECAY 86 159955
DRAIN 86 160041
BITCH 86 160127
WATCHED 86 160213
BLIZZARD 86 160299
BALL 86 160385
ROGER 86 160471
LEAGUES 86 160557
DRILL 86 160643
PILL 86 160729
ORTHODONTIST 86 160815
STRAIGHTEN 86 160901
TEETH 86 160987
DENTISTS 86 161073
PEACE 86 161159
ROUTE 86 161245
HEALTHY 86 161331
TEA 86 161417
HEADACHES 86 161503
CODED 86 161589
EXPANDING 86 161675
CARTOONS 86 161761
FILE 87 161848
GOLDBERG 87 161935
LEADS 87 162022
FOOLISHNESS 87 162109
NIGHT'S 87 162196
PATRIOTIC 87 162283
MA'AM 87 162370
ESTABLISHED 87 162457
SPICE 87 162544
FORMULA 87 162631
CHECKED 87 162718
STUDIOS 87 162805
SCRIPTED 87 162892
BEANS 87 162979
CHARACTERS 87 163066
INITIAL 87 163153
CATHOLICS 87 163240
DEEPER 87 163327
VERSES 87 163414
LAUGHING 87 163501
MOMENT 87 163588
CHEERING 87 163675
EQUIVALENT 87 163762
COMMUNAL 87 163849
HAIR 87 163936
FEES 87 164023
DAVID 87 164110
PREFERRED 87 164197
SQUEEZE 87 164284
HOLLYWOOD 87 164371
FARTHER 87 164458
FLICKS 87 164545
PLAYER 87 164632
SEA 87 164719
CRYSTAL 87 164806
BLOTCHY 87 164893
WASHED 87 164980
DARK 87 165067
SCROLLS 87 165154
APPROXIMATE 87 165241
CARPET 87 165328
SUBURB 87 165415
CARMIGHT 87 165502
CHART 87 165589
DISAPPOINTING 87 165676
FRENZY 87 165763
ADDICT 87 165850
JAMES 87 165937
BOND 87 166024
TECHNICIAN 87 166111
HECTIC 87 166198
SURROUND 87 166285
STADIUM 87 166372
SEATING 87 166459
SAUKEN 87 166546
GUS' 87 166633
CROSSROADS 87 166720
NEWER 87 166807
THEATRES 87 166894
BUILD 87 166981
FINGERS 87 167068
BEAR 87 167155
SCRUBBED 87 167242
USER 87 167329
KREMPSKY 87 167416
FAM 87 167503
MEDLEY 87 167590
RUNAROUND 87 167677
NORRISTOWN 87 167764
PROMOTE 87 167851
PULLING 87 167938
THIRTIES 87 168025
SPLICED 87 168112
ROOTS 87 168199
EXECUTED 87 168286
MANNER 87 168373
DESSERT 87 168460
STORIES 87 168547
FORESEE 87 168634
FRIENDLY 87 168721
INLAND 87 168808
JOAN 87 168895
ARK 87 168982
SUDDENLY 87 169069
STOPS 87 169156
REC 87 169243
GUESSWORK 87 169330
ANNOUNCE 87 169417
MONEY'S 87 169504
RECORD 87 169591
CREEPY 88 169679
MIXED 88 169767
OLDIES 88 169855
DUG 88 169943
MANDATED 88 170031
SEPTEMBER 88 170119
WINDY 88 170207
REORGANISING 88 170295
COMPLAINTS 88 170383
IMPRESSIVE 88 170471
ADULTS 88 170559
DIAGNOSED 88 170647
MENTAL 88 170735
RETARDATION 88 170823
ODDS 88 170911
IRONIC 88 170999
NICELY 88 171087
CHANNELS 88 171175
FIX 88 171263
DECREASE 88 171351
IMPATIENT 88 171439
PLEASANT 88 171527
INQUISITIVE 88 171615
TOES 88 171703
EXCITED 88 171791
SYMBOLISM 88 171879
VOCALISING 88 171967
UNDERSTANDING 88 172055
ROOMS 88 172143
DESTRUCTION 88 172231
INTELLIGENT 88 172319
PREPARING 88 172407
PITCHER 88 172495
BACHELOR 88 172583
ENJOYING 88 172671
PIZZA 88 172759
CEILING 88 172847
PUNCH 88 172935
TAGGED 88 173023
COMPLICATES 88 173111
DENNY'S 88 173199
CIRCUMSTANCE 88 173287
ALRIGHTY 88 173375
TREMENDOUSLY 88 173463
STEPDAUGHTER 88 173551
WARMING 88 173639
EARLIER 88 173727
CREW 88 173815
PITCHERS 88 173903
HEATHER 88 173991
SEINFIELD 88 174079
EPISODES 88 174167
ORDINARY 88 174255
TREE 88 174343
E. 88 174431
SCRAPE 88 174519
BETH 88 174607
WISEST 88 174695
MIGRAINES 88 174783
GRAMMAR 88 174871
PREMATURE 88 174959
COCKTAIL 88 175047
WINE 88 175135
FULLY 88 175223
EXPLORED 88 175311
HATS 88 175399
SENDS 88 175487
DESIGNED 88 175575
SOFTWARE 88 175663
SAVED 88 175751
VISIT 88 175839
OCCUPY 88 175927
LUCK 88 176015
ELF 88 176103
BOWLING 88 176191
SANTA 88 176279
CLAUSE 88 176367
MARRY 88 176455
AFTERWARDS 88 176543
ITEMS 88 176631
DENIES 88 176719
SONS 88 176807
ADMIRED 88 176895
LAMPS 88 176983
ANTIQUE 88 177071
LAMP 88 177159
MISTAKE 88 177247
CLICKS 88 177335
PRESENT 88 177423
ESSENTIAL 88 177511
REQUIRE 89 177600
FACILITY 89 177689
PATH 89 177778
ORGANISE 89 177867
DIFFERENCES 89 177956
INTRODUCTION 89 178045
APPENDIXES 89 178134
STRUCTURE 89 178223
TODAY'S 89 178312
CONTACT 89 178401
EASIEST 89 178490
DAMAGE 89 178579
BOLD 89 178668
PICTURES 89 178757
PLUSES 89 178846
SELLING 89 178935
MINUSES 89 179024
INSTALLED 89 179113
ORIGINALS 89 179202
TERRIFIC 89 179291
RESPONSIBLE 89 179380
EXPLANATORY 89 179469
BUTTON 89 179558
STRIKING 89 179647
CONDITIONING 89 179736
TERRIFIED 89 179825
RECEIVER 89 179914
POINTED 89 180003
REALISED 89 180092
CENTURY 89 180181
APOLOGIES 89 180270
TOURISTS 89 180359
SHADES 89 180448
EDGE 89 180537
ANGRY 89 180626
UPSET 89 180715
KICK 89 180804
DEMOCRACY 89 180893
TROLLEYS 89 180982
STIR 89 181071
LINGUISTICS 89 181160
COMPUTING 89 181249
PRONUNCIATION 89 181338
PRONUNCIATIONS 89 181427
BELONG 89 181516
EM 89 181605
TESTS 89 181694
EVENTS 89 181783
FIELDS 89 181872
CONTEST 89 181961
ECHOES 89 182050
SWITCHED 89 182139
COURSES 89 182228
CLAIM 89 182317
CRAP 89 182406
BOLOGNA 89 182495
NEPHEW 89 182584
ATTENDED 89 182673
BUST 89 182762
RHYMES 89 182851
CONSIDERED 89 182940
REPEAT 89 183029
APPROPRIATE 89 183118
LISTENS 89 183207
JEWELS 89 183296
KITTY 89 183385
X. 89 183474
MIXING 89 183563
MEDICAL 89 183652
MODELS 89 183741
INFORMED 89 183830
BELIEVED 89 183919
REDOING 89 184008
COUCHED 89 184097
RECREATIONAL 89 184186
WIDOWER 89 184275
COLLECTION 89 184364
FANTASY 89 184453
SCEPTICAL 89 184542
SECTIONS 89 184631
FADING 89 184720
MANAGE 89 184809
HARSH 89 184898
MARKETS 89 184987
HEATING 89 185076
DEMOCRATIC 89 185165
BATMAN 89 185254
ENCOURAGED 89 185343
BOX 89 185432
CULTURE 89 185521
DECIPHER 90 185611
ACCENT 90 185701
CHOOSING 90 185791
PLANNER 90 185881
FACTOR 90 185971
HEAD 90 186061
LOANS 90 186151
JACKSON 90 186241
FASHIONED 90 186331
SELECTION 90 186421
ENGINEER 90 186511
SURPRISING 90 186601
SPECIALISES 90 186691
APPLYING 90 186781
UNIVERSE 90 186871
PREPARATORY 90 186961
SCORE 90 187051
Y. 90 187141
ROMANTICISED 90 187231
PRINCE 90 187321
AWARDING 90 187411
SCHOLARSHIPS 90 187501
WESTERN 90 187591
METAL 90 187681
TAPES 90 187771
VARIOUS 90 187861
D.'S 90 187951
CHARMING 90 188041
NACAC 90 188131
SICKNESS 90 188221
KEYBOARD 90 188311
DORKS 90 188401
CONSUMES 90 188491
FEELS 90 188581
AFFAIR 90 188671
MAC 90 188761
SHOP 90 188851
DROPPING 90 188941
ARMS 90 189031
NODES 90 189121
JOYSTICKS 90 189211
GRAPHICS 90 189301
ANIMATOR 90 189391
ASS 90 189481
ROUND 90 189571
OXFORD 90 189661
CIRCLE 90 189751
AUTHORITY 90 189841
RAIN 90 189931
COLLECTIBLES 90 190021
FUR 90 190111
CAUTION 90 190201
EGGS 90 190291
EMBARRASSED 90 190381
SPIEL 90 190471
MONSTERS 90 190561
UTILITY 90 190651
BRONCO 90 190741
FRUGAL 90 190831
FULLTIME 90 190921
BASKET 90 191011
GATEWAY 90 191101
PHENOMENAL 90 191191
NICEST 90 191281
CULTURAL 90 191371
LATCHKEY 90 191461
SPENDS 90 191551
PRICELINE 90 191641
PASSES 90 191731
DIG 90 191821
HOUSEHOLD 90 191911
PACKS 90 192001
FIXED 90 192091
ARCADES 90 192181
JOYSTICK 90 192271
BELIEVES 90 192361
DESERVE 90 192451
SHAMEFUL 90 192541
SECRETARY 90 192631
CONTRIBUTES 90 192721
DOWNFALL 90 192811
HONESTLY 90 192901
RECYCLES 90 192991
RISING 90 193081
SUN 90 193171
BUBBLE 90 193261
TABOR 90 193351
OLNEY 90 193441
MISTAKEN 90 193531
MATERIALS 90 193621
INDEED 91 193712
TREES 91 193803
STRAIT 91 193894
FASHIONS 91 193985
TWENTIES 91 194076
TRANSMISSION 91 194167
REBUILT 91 194258
BURST 91 194349
COLLECTORS 91 194440
SLIGHTEST 91 194531
SPANKING 91 194622
THINKS 91 194713
STREETS 91 194804
DAD'S 91 194895
CLEANER 91 194986
COURTSHIP 91 195077
EDDIE'S 91 195168
BLUES 91 195259
FESTIVAL 91 195350
SITCOMS 91 195441
INVESTING 91 195532
QUADRUPLED 91 195623
LINUX 91 195714
DISTRIBUTION 91 195805
LEADING 91 195896
ADVANCED 91 195987
PHYSIOLOGY 91 196078
LIZARDS 91 196169
DRIVEN 91 196260
DELAWARE 91 196351
GAP 91 196442
COOLER 91 196533
BALLS 91 196624
PRETTIER 91 196715
HUMIDITY 91 196806
RAINING 91 196897
GOLF 91 196988
SKIPPING 91 197079
DWELL 91 197170
HEARTS 91 197261
TEENAGER 91 197352
LESSONS 91 197443
PASSING 91 197534
SHOWN 91 197625
FRICKEN 91 197716
DESIGNER 91 197807
BECK 91 197898
WHO'S 91 197989
SPECTRUM 91 198080
TIPPED 91 198171
PURCHASING 91 198262
PREEMIE 91 198353
INTEL 91 198444
MANUFACTURING 91 198535
ASSEMBLY 91 198626
WILD 91 198717
SWUNG 91 198808
TAXI 91 198899
TYPHOONS 91 198990
MOISTURE 91 199081
WILLIAMSBURG 91 199172
SLEW 91 199263
PARENT 91 199354
ARUBA 91 199445
CROSSED 91 199536
CONSTANTLY 91 199627
UNDERWEIGHT 91 199718
SORTS 91 199809
LUNG 91 199900
FORESTRY 91 199991
NERVOUS 91 200082
IRELAND'S 91 200173
GUNS 91 200264
REVIEWS 91 200355
HONEYMOON 91 200446
SOOT 91 200537
RISK 91 200628
PACKED 91 200719
SWITZERLAND 91 200810
BLAME 91 200901
CLIENTS 91 200992
ISLANDS 91 201083
OWNED 91 201174
EXPERIENCING 91 201265
HOPPED 91 201356
SOMEONE'S 91 201447
EVENTUALLY 91 201538
ARTISTICALLY 91 201629
PLASTERING 91 201720
BAM 92 201812
AGREED 92 201904
CROSSING 92 201996
DELIVERIES 92 202088
BIRDS 92 202180
RIDGE'S 92 202272
CONVINCE 92 202364
RENDELL'S 92 202456
TREND 92 202548
UNFORTUNATE 92 202640
PURSUE 92 202732
ATTRACTIVE 92 202824
LEGALLY 92 202916
EXACT 92 203008
NORMALLY 92 203100
SUCCESSFUL 92 203192
CULTURES 92 203284
LAID 92 203376
AMERICANS 92 203468
BASED 92 203560
GARNETT 92 203652
CAFE 92 203744
POUR 92 203836
CONSOLIDATING 92 203928
FILES 92 204020
CONVICTION 92 204112
SLEEVE 92 204204
LAKERS 92 204296
PILOT 92 204388
VOICES 92 204480
HAMPTON 92 204572
LAKE 92 204664
STIPULATION 92 204756
INSIDERS 92 204848
HEARTBEAT 92 204940
SPENDING 92 205032
PERIODS 92 205124
BELFAST 92 205216
OUTLYING 92 205308
HOTSPOTS 92 205400
SHAKEN 92 205492
ORANGE 92 205584
MARCHES 92 205676
MEANWHILE 92 205768
MEDITERRANEAN 92 205860
SUMMERS 92 205952
PRAGUE 92 206044
WALKABLE 92 206136
ARCHITECTURE 92 206228
DIRTIER 92 206320
GORGEOUS 92 206412
FOOD'S 92 206504
CONVERSATIONS 92 206596
PILSNER 92 206688
REMINDING 92 206780
GIGANTIC 92 206872
NAGGING 92 206964
EUROPEAN 92 207056
SURPRISINGLY 92 207148
IT'LL 92 207240
SPAIN 92 207332
SWEDEN 92 207424
TIED 92 207516
BUYOUT 92 207608
LOCK 92 207700
SPLIT 92 207792
COMCAST 92 207884
FOOTPRINTS 92 207976
CITIZEN 92 208068
EMPLOYED 92 208160
DRIPPING 92 208252
ROOF 92 208344
BIRD 92 208436
CAFETERIA 92 208528
LETTER 92 208620
EDITOR 92 208712
REMAINED 92 208804
ECONOMIC 92 208896
BOOM 92 208988
POLICY 92 209080
BLOCKS 92 209172
ALLEY 92 209264
DETERMINED 92 209356
ADVERTISED 92 209448
BEEP 92 209540
BRIGHT 92 209632
BELOW 92 209724
BOUT 92 209816
LIMIT 92 209908
BEEPING 92 210000
PUSHES 93 210093
SON'S 93 210186
BLUNTLY 93 210279
POST 93 210372
FINGER 93 210465
POTENTIALLY 93 210558
WEREN'T 93 210651
INDICATED 93 210744
POTENTIAL 93 210837
BOOTON 93 210930
SING 93 211023
DOWNSTAIRS 93 211116
AWARE 93 211209
TIPS 93 211302
SWINDLED 93 211395
ANSWERED 93 211488
WRAP 93 211581
PRESENTS 93 211674
WATCHERS 93 211767
BLINK 93 211860
DIALECT 93 211953
FITTING 93 212046
EFFICIENT 93 212139
SIZES 93 212232
LIGHTER 93 212325
INCENTIVE 93 212418
GRAPHIC 93 212511
DESIGN 93 212604
STUDIO 93 212697
MORRISTOWN 93 212790
COMPLETE 93 212883
WASTED 93 212976
REGISTER 93 213069
JASON 93 213162
PSYCHO 93 213255
OMNI 93 213348
REFLEXES 93 213441
STUMBLING 93 213534
RANGER 93 213627
GIRL'S 93 213720
UNLAWFUL 93 213813
LEGALS 93 213906
COMFORTING 93 213999
LEGALESE 93 214092
STEVE 93 214185
POTRANO'S 93 214278
ADMIN 93 214371
MANAGEMENT 93 214464
REPS 93 214557
PERFORMANCE 93 214650
PHONE'S 93 214743
SKY 93 214836
ELSEWHERE 93 214929
RATIOS 93 215022
PERCENTAGES 93 215115
SUPPLYING 93 215208
PENCILS 93 215301
BEG 93 215394
DIFFER 93 215487
OVERALL 93 215580
GOALS 93 215673
HOLDER 93 215766
ENTRUSTING 93 215859
WEDNESDAY 93 215952
THANKSGIVING 93 216045
IGNORE 93 216138
DISPLAY 93 216231
KID'S 93 216324
RELATIVES 93 216417
ASSOCIATION 93 216510
VENTURES 93 216603
SAMUEL 93 216696
WEATHER 93 216789
WOKE 93 216882
BETHESDA 93 216975
PARTICIPATED 93 217068
SPRING 93 217161
LICENSES 93 217254
UPSETTING 93 217347
FIRM 93 217440
MUD 93 217533
MISHAPS 93 217626
MISINTERPRETATIONS 93 217719
MIDWEST 93 217812
DISCRIMINATES 93 217905
SMELLS 93 217998
HANDING 93 218091
NECK 93 218184
PICKY 93 218277
SIGN 93 218370
NOTIFIED 94 218464
SADDAM 94 218558
HUSSEIN 94 218652
STRAIGHTENED 94 218746
SMELLING 94 218840
OREGON 94 218934
BEDROOMS 94 219028
LEESPORT 94 219122
STRESSED 94 219216
MELLOW 94 219310
RESULT 94 219404
INCITEMENT 94 219498
VIOLATION 94 219592
AMENDMENT 94 219686
ATTORNEY 94 219780
WAKE 94 219874
RAPIST 94 219968
RETURNED 94 220062
SMELLED 94 220156
RELATION 94 220250
MALLS 94 220344
FLORUM 94 220438
PARK 94 220532
GREY 94 220626
MCDONALD'S 94 220720
FLIERS 94 220814
HOLIDAY 94 220908
EXPERIENCES 94 221002
BOMB 94 221096
DONALD 94 221190
TRUMP 94 221284
CONTROLS 94 221378
EXPORT 94 221472
COMPLY 94 221566
WACKO 94 221660
JOSH 94 221754
STINKS 94 221848
DAMN 94 221942
EXPRESSION 94 222036
FIANCEE 94 222130
ACCEPTED 94 222224
SAT 94 222318
ELABORATE 94 222412
HANDFUL 94 222506
BUDDY 94 222600
ACCOUNTING 94 222694
REPORTING 94 222788
REGIONS 94 222882
MIAMI 94 222976
BOSTON 94 223070
INDIVIDUAL 94 223164
DETROIT 94 223258
INDIANAPOLIS 94 223352
LYCOMBING 94 223446
NIGHTSTAND 94 223540
JEFFERSON 94 223634
NORTHWEST 94 223728
PAIR 94 223822
PARTYING 94 223916
MUDDY 94 224010
ARMY 94 224104
BOOTS 94 224198
HOCKEY 94 224292
HUGGED 94 224386
CLUBS 94 224480
STUDENTS 94 224574
TALKS 94 224668
SURVIVE 94 224762
GHOSTS 94 224856
TENNIS 94 224950
CONCENTRATE 94 225044
DRAW 94 225138
DROP 94 225232
KASAI 94 225326
CRY 94 225420
LAY 94 225514
FREAKIEST 94 225608
DAG 94 225702
ENDING 94 225796
WEATHER'S 94 225890
ODOUR 94 225984
SWORE 94 226078
FRIDAYS 94 226172
TAXPAYERS 94 226266
LOCKED 94 226360
PLATES 94 226454
IMPRESSION 94 226548
SECRECY 94 226642
CONDITIONS 94 226736
REMEMBERS 94 226830
WHEREABOUT 95 226925
TOLERANCE 95 227020
KING 95 227115
PRUSSIA 95 227210
MALL 95 227305
TEMP 95 227400
AFFECTED 95 227495
REPORTS 95 227590
MAILS 95 227685
REMATCH 95 227780
RUMPLE 95 227875
FRIDAY 95 227970
JEEPS 95 228065
LOVELY 95 228160
SCHOOL'S 95 228255
CLASSROOM 95 228350
TYPICAL 95 228445
FETCHED 95 228540
DETRIMENTAL 95 228635
MEANT 95 228730
PLANTED 95 228825
POLICIES 95 228920
POSSIBILITY 95 229015
ORGANISATION 95 229110
PERFORMING 95 229205
CALLERS 95 229300
BROWN 95 229395
CANISTERS 95 229490
CARDBOARDS 95 229585
SYMBOLISMS 95 229680
TIRES 95 229775
TOMMY 95 229870
BINS 95 229965
DEMAND 95 230060
NEWSPAPERS 95 230155
HAUNT 95 230250
OPS 95 230345
PASTE 95 230440
PACKING 95 230535
HASSLE 95 230630
WINS 95 230725
FRENCH 95 230820
PLASTICS 95 230915
CHUTE 95 231010
USES 95 231105
ROLLS 95 231200
HUMBLE 95 231295
EMPTY 95 231390
DISSATISFYING 95 231485
SOLITARY 95 231580
CREATED 95 231675
PEN 95 231770
INFLUENTIAL 95 231865
MAKER 95 231960
PROMOTERS 95 232055
CUTS 95 232150
DECIDES 95 232245
UNDERNEATH 95 232340
GLUES 95 232435
LEAH 95 232530
NAH 95 232625
REFERRING 95 232720
SCARE 95 232815
CAGED 95 232910
SESSIONS 95 233005
KINDS 95 233100
VISITING 95 233195
VISITED 95 233290
EUROPE 95 233385
VOTE 95 233480
LONDON 95 233575
PSYCHIC 95 233670
FULFIL 95 233765
SOURS 95 233860
PRESENTLY 95 233955
DEPOT 95 234050
WITHIN 95 234145
APARTMENTS 95 234240
BATTLE 95 234335
SUBSTANTIAL 95 234430
UNDERTAKING 95 234525
BLOWS 95 234620
SHARING 95 234715
ATE 95 234810
BEERS 95 234905
RIO 95 235000
FARAWAY 95 235095
ENTER 95 235190
AGENTS 95 235285
ORDERING 95 235380
ROMANA 96 235476
COMPLAIN 96 235572
ESCIAR 96 235668
BIGERA 96 235764
WAWA 96 235860
ENGINE 96 235956
HARRIS 96 236052
INFLATION 96 236148
BOTTLE 96 236244
CONTROVERSY 96 236340
CEMENT 96 236436
SCRATCHED 96 236532
SALT 96 236628
BRIDGE 96 236724
SUSPECT 96 236820
OVERNIGHT 96 236916
QUEENS 96 237012
ACCOMPLISHMENTS 96 237108
SURVIVING 96 237204
LANCASTER 96 237300
ILL 96 237396
COMPLETED 96 237492
CONTINUING 96 237588
PROUDEST 96 237684
APPROACHING 96 237780
REGARDLESS 96 237876
RELEVANT 96 237972
CONET 96 238068
LOBBY 96 238164
HUNTER 96 238260
UPPER 96 238356
EAST 96 238452
COMPETITIONS 96 238548
TOYED 96 238644
PHYSICIAN 96 238740
SUBJECTS 96 238836
SCIENCES 96 238932
STATEWIDE 96 239028
NATURALLY 96 239124
LESSON 96 239220
LINGUISTIC 96 239316
SICKOS 96 239412
ENTIRELY 96 239508
TRUTHFULLY 96 239604
MISFORTUNE 96 239700
FOX 96 239796
LEAD 96 239892
WORLD'S 96 239988
NOKIA 96 240084
DISASTERS 96 240180
DEVASTATION 96 240276
FIRSTHAND 96 240372
SWEPT 96 240468
TYPHOON 96 240564
VICARIOUSLY 96 240660
CABLE 96 240756
ROUNDS 96 240852
SHIPPING 96 240948
POCKET 96 241044
JOKE 96 241140
TREATMENT 96 241236
MAYO 96 241332
CLINIC 96 241428
CONDITION 96 241524
CONED 96 241620
BOOKLET 96 241716
FILL 96 241812
ADD 96 241908
WAKING 96 242004
MAINTENANCE 96 242100
SPAN 96 242196
PRACTICALLY 96 242292
STATEN 96 242388
CHESTER 96 242484
BOUTS 96 242580
CONCERN 96 242676
EXCITING 96 242772
TEDIOUS 96 242868
TELEVISE 96 242964
PUBLICISE 96 243060
NEGATIVE 96 243156
PORTION 96 243252
SHOOTS 96 243348
SELLS 96 243444
CHASES 96 243540
CONSTANT 96 243636
TELEVISED 96 243732
LITERALLY 96 243828
PORTIONS 96 243924
INTEREST 96 244020
ACCEPTABLE 97 244117
PAEDIATRIC 97 244214
CARDIOLOGIST 97 244311
REFERRED 97 244408
CORRECTED 97 244505
KNOCK 97 244602
WOOD 97 244699
SURGERIES 97 244796
BOTHERED 97 244893
NEPHEWS 97 244990
DEEMED 97 245087
ABNORMAL 97 245184
JERRY 97 245281
WOLF 97 245378
PARKINSON 97 245475
SYNDROME 97 245572
ELECTRICAL 97 245669
CONDUCTION 97 245766
LOOP 97 245863
UNUSUAL 97 245960
PERSPECTIVE 97 246057
SPRINGER 97 246154
COMPETITIVE 97 246251
ETHIC 97 246348
FLIPPING 97 246445
DOMINANT 97 246542
GIRLFRIENDS 97 246639
YOUNGEST 97 246736
BUSSING 97 246833
NIGHTS 97 246930
CLEARED 97 247027
CHRIST 97 247124
SHORTAGE 97 247221
APPARENTLY 97 247318
COMMUTING 97 247415
ABINGTON 97 247512
JENKINTOWN 97 247609
BRINGS 97 247706
CONDO 97 247803
AUTOMATICALLY 97 247900
KENNEDY 97 247997
JUNIOR'S 97 248094
LATEST 97 248191
COMBINED 97 248288
PICTURE 97 248385
SUED 97 248482
SAFELY 97 248579
ACTUALITY 97 248676
OFFENDER 97 248773
MONETARY 97 248870
TOURISM 97 248967
SCENARIO 97 249064
FELL 97 249161
NOVELTY 97 249258
OFFICER 97 249355
PLENTY 97 249452
SENTENCE 97 249549
REASONABLE 97 249646
SCENERY 97 249743
HAY 97 249840
MENTIONED 97 249937
VARIATION 97 250034
JURY 97 250131
SEVERE 97 250228
PRICED 97 250325
CAST 97 250422
FINED 97 250519
CHARGED 97 250616
OUTDOORS 97 250713
SIMPLER 97 250810
MORTGAGES 97 250907
HEADQUARTERS 97 251004
SOMEWHAT 97 251101
WEAR 97 251198
PREVIOUS 97 251295
EMPLOYERS 97 251392
ROBINSON 97 251489
GRADUATION 97 251586
FEE 97 251683
PROTECTION 97 251780
COLLAR 97 251877
LUCENT 97 251974
TECHNOLOGIES 97 252071
WHATNOT 97 252168
OUTRAGEOUS 97 252265
UNFAIRLY 97 252362
UNION'S 97 252459
OURS 97 252556
PARTIALLY 97 252653
HAVERTOWN 97 252750
SMOOTHLY 98 252848
PRIVACY 98 252946
MORBID 98 253044
FIXATION 98 253142
PENALTY 98 253240
SALARIES 98 253338
CLUELESS 98 253436
TIGHT 98 253534
LIPPED 98 253632
STABBED 98 253730
RECEIVES 98 253828
BELONGED 98 253926
PROJECT 98 254024
FORD 98 254122
THEFT 98 254220
GUILTY 98 254318
MANAGED 98 254416
MONTGOMERY 98 254514
OCCASION 98 254612
CONFUSED 98 254710
STEPS 98 254808
GOINNA 98 254906
KIDDING 98 255004
ANIMAL 98 255102
FULLEST 98 255200
REPEATED 98 255298
DROVE 98 255396
DETAILS 98 255494
COMPARISONS 98 255592
SHIT 98 255690
BACKGROUNDS 98 255788
PREFERENCES 98 255886
PRESENTED 98 255984
TUNING 98 256082
DISALLOWED 98 256180
TREMENDOUS 98 256278
OCCURRING 98 256376
APPLICATION 98 256474
RECALL 98 256572
FLUENTLY 98 256670
REFERENCE 98 256768
APPLIED 98 256866
PRECEDENCE 98 256964
UNNECESSARY 98 257062
ALTERNATIVE 98 257160
FILLING 98 257258
FILLED 98 257356
ADMISSIONS 98 257454
NUMBERS 98 257552
DETERMINATION 98 257650
REACHED 98 257748
ASIAN 98 257846
QUOTA 98 257944
INUNDATE 98 258042
HYPE 98 258140
OBJECT 98 258238
JUDGE 98 258336
WHOMEVER 98 258434
TOOLS 98 258532
BECOMING 98 258630
EXTENDING 98 258728
EXTENT 98 258826
FOOLS 98 258924
ADMINISTRATIVE 98 259022
AIRING 98 259120
DIRTY 98 259218
LAUNDRY 98 259316
SKIP 98 259414
PICKED 98 259512
HARDLY 98 259610
WONDERED 98 259708
CANCELLED 98 259806
EARNED 98 259904
FIFTIES 98 260002
GOAL 98 260100
FAT 98 260198
BUSTER 98 260296
SOAP 98 260394
DEODORANT 98 260492
MOUTHWASH 98 260590
CHEMICAL 98 260688
IRRITATING 98 260786
SHAMPOO 98 260884
DEGREASERS 98 260982
ENGINES 98 261080
INGREDIENTS 98 261178
HARMFUL 98 261276
MAKEUP 98 261374
VARIETY 98 261472
COMBINATION 98 261570
RETURNS 99 261669
THROWN 99 261768
CAMPAIGNS 99 261867
STAMPS 99 261966
MYSTIQUE 99 262065
MINDS 99 262164
TARGETED 99 262263
FATAL 99 262362
TRIPS 99 262461
HOUSING 99 262560
SHORE 99 262659
TARGET 99 262758
AUDIENCES 99 262857
EASTERN 99 262956
SHOOTINGS 99 263055
JOEY 99 263154
BORDER 99 263253
WESTCHESTER 99 263352
SUBWAY 99 263451
SOLEMN 99 263550
CELEBRATION 99 263649
BINNEY 99 263748
SMITH 99 263847
ZAMPANO 99 263946
CRAYONS 99 264045
ATTRACTION 99 264144
THERE'VE 99 264243
NURENBERG 99 264342
LEAVES 99 264441
MEMBERS 99 264540
INCIDENTS 99 264639
BESIDE 99 264738
TRAGIC 99 264837
SURPRISE 99 264936
SEALED 99 265035
PINPOINT 99 265134
WHITES 99 265233
NEGOTIATED 99 265332
BALTIMORE 99 265431
ANNOUNCED 99 265530
NEGOTIATION 99 265629
EXAMPLE 99 265728
SHEETS 99 265827
FORMALISE 99 265926
INEXCUSABLE 99 266025
COMMITTING 99 266124
SLOWED 99 266223
THIRTIETH 99 266322
VOLUNTEERED 99 266421
UNSAFE 99 266520
MISCHIEF 99 266619
CRIMES 99 266718
GRANDPARENTS 99 266817
TRAGEDY 99 266916
CLEANING 99 267015
FESTIVALS 99 267114
DRIVES 99 267213
DOORS 99 267312
THANKS 99 267411
CONGREGATE 99 267510
CONGREGATING 99 267609
DISPERSE 99 267708
MARTY 99 267807
BOOT 99 267906
POLITICAL 99 268005
RADIO'S 99 268104
PUBLICITY 99 268203
BARBADOS 99 268302
STUDIES 99 268401
MAX 99 268500
DOWD 99 268599
MOUNTAIN 99 268698
MOLE 99 268797
HILL 99 268896
SUPERMARKETS 99 268995
MILK 99 269094
OKEY-DOKEY 99 269193
PARTICIPATING 99 269292
QUARTER 99 269391
DOLLAR 99 269490
SUPERMARKET 99 269589
SHOUTED 99 269688
LISTENING 99 269787
IDIOT 99 269886
MARC 99 269985
ANTHONY 99 270084
RICKY'S 99 270183
POP 99 270282
