江门市5部门联合下发《通告》，明确提出市区所有公共场所和道路一律禁止犬类进入。
石家庄空气污染排第一
潘石屹遭遇被代言
近日，日本政府计划将日本航空自卫队战斗机部队常驻距离钓鱼岛较近的先岛诸岛上的下地岛机场。
11日，福州大学生物工程研究所大楼上挂出一条幅在微博上火了。
橙子得白血病是不幸的，但馒头和橙子夫妻二人携手并肩战胜病魔的过程是幸福的。
1月11日，由香港贸易发展局、广西壮族自治区商务厅和南宁市人民政府联合主办的香港时尚购物展南宁站在南宁国际会展中心开幕。
而近日，山东淄博一名孕妇却因为使用热水袋暖肚子流了产，对此，专家提醒，使用热水袋、电热毯、热帖等易致孕妇流产，希望引起注意。
2012年11月11日晚，郭晶晶霍启刚大婚在香港会展中心举行。
身怀双胞胎的安徽灵璧县孕妇彭伟平，发现有孩子落水，奋不顾身跳入2米深池塘中，将落水儿童成功救出。
经急救无效，男生中午不幸离世。
广珠城轨全线12月26日首次载人试运行，全线开通日期或定在2013年1月1日。
孟非发飙怒斥女嘉宾太现实
女子公交上怒扇小伙耳光：替你妈教育你
5月27日，为期十天的第十届北京国际图书节落幕。
据不完全统计，本届图书节期间，地坛公园及分会场共接待读者80万人次，实现销售突破3200万元。
在这个刚被评为幸福的城市，房产税开征，有没有“被幸福”的感觉？
美国纽约一对分手情侣自创自演分手歌《我们刚刚分手》，以另类方式告知亲朋好友两人分手原因。
近日，联合国教科文组织给予中国三大著名景区湖南张家界、江西庐山和黑龙江五大连池黄牌警告，督促三者在“向公众科普地球科学知识”等方面整改。
昨天，茅以升设计的杭州钱塘江大桥度过75岁生日。
它已超龄服役25年，近60年桥体零事故。
人民交通出版社发行的新版驾考教材《安全驾驶从这里开始》出炉，号称有模拟样题，涵盖所有考试科目。
据悉后，786驾驶员拿黑布，蒙上眼睛，从调度室走到始发站体验了一把“黑暗世界”后，将末班车推迟到了22:56。
女孩上班时为乞讨者撑伞遭开除引热议
今日19时45分，广州恒大将与皇家马德里展开一场友谊赛
北京时间8月6日20时，第24届意大利超级杯在国家体育场鸟巢展开角逐，上半场斯内德任意球首开纪录，伊布头球击中门柱。
下半时伊布接西多夫妙传扳平比分，博阿滕补射反超比分，最后时刻埃托奥进球越位在先，AC米兰2-1逆转获胜第6次捧起超级杯。
北京对行人闯红灯开罚单深圳也将实行
10月13日晚，四川广南高速苍溪县境内发生一起持枪抢劫案，嫌犯劫持同车女性为人质向警方射击，狙击手将其击毙。
截至阿根廷时间1月16日下午18点(北京时间1月17日凌晨5点)2013年达喀尔拉力赛结束第11赛段比拼。
俄罗斯总统普京20日在莫斯科举行了他第三次就任总统以来的第一次大型记者会。
”痴情小伙”好声音学员金志文携爱妻返回其爱妻的家乡吉林省白城市，于今晚17:30分在白城市凯伦酒店举办女方婚礼答谢宴。
热带风暴梅花今日18时30分登陆朝鲜西部沿海。
搜狐视频：邓超孙俪大婚甜蜜蜜准妈妈孙俪感动流泪这个比较给力介绍的比较全面
合蚌高铁开通至今，已接连四次出现旅客“吸烟门”，其中两次导致列车暂停，另两次则导致列车减速。
7月1日，在广州市颁布汽车限购政策后不到10个小时，许多深圳市民已经接到了诸多类似的汽车促销信息。
成都交警开罚单不成暴打司机
纵观2012年全年销量数据，除1月份外，2-12月份，G6蝉联自主B级车销量桂冠，成了名符其实的自主B级车销量王。
俏江南张兰确认注销中国户籍，申请退出政协，这算又一个吗。
最新007系列电影已经在全球拿下10亿美元票房，在60个国家和地区拿下了首映票房冠军，该片在中国将于1月10日公映。
去年底许多购房客赶搭入户末班车，最近因入不了户提出退房。
2012年12月1日，中国浙江省温岭火车站站前大道路中央、温岭钉子户罗保根家旧址，几台挖掘机和沥青摊铺机匆忙作业，当天晚上沥青基本铺就完毕，具备通车条件。
北京时间10月8日凌晨2时45分，2012/13赛季意甲联赛第7轮上演压轴好戏，AC米兰坐镇圣西罗“主场”迎战同城死敌国际米兰
一辆黑色大众车突然撞上母亲，将其撞飞10多米，倒在血泊中，女儿立即扑在地上痛哭，几近崩溃欲弃考。
业内人称膨大剂传言致海南文昌优质西瓜滞销
林峰欲退出娱乐圈
2012全球移动互联网大会（GMIC）于5月10日在北京国家会议中心召开。
日前，著名艺人莫文蔚在腾讯微博上表达对成都全球招募熊猫守护使活动的支持。
长春85岁老人照顾儿子44年每天睡在卫生间里...
甘肃内蒙交界发生5.4级地震
2012年9月，成都地铁2号线开始运营，在天府广场站实现与1号线的无缝换乘。
今天通过，哈尔滨成为国内首个立法规定包括办公场所在内的室内公共场所全面禁烟的城市。
青年举报毁林被报复
法国当地时间5月27日晚上8点，第65届戛纳国际电影节落下闭幕。
《咬文嚼字》1昨1公布1“2012年十大语文差错”《甄嬛传》被亿万人误读除了“十大语文差错”之外，
校花评选标准引争议
宜春入围最幸福城市
记者从铁路部门获悉，哈尔滨至大连高速铁路将于12月1日正式开通运营。
中国地震台网地震目录显示，本月3日至7日的5天里，辽宁境内已发生过6次地震。
6次地震中有4次发生在营口盖州，剩余2次则发生在海城。
香港南丫岛撞船事故遇难者家属海祭
事实上，新眼保健操是否改善视力呢？
有眼科医生表示这套所谓的新型健眼操毫无科学依据，会增加视觉疲劳，如果戴着隐形眼镜练习会更加危险。
金庸捐赠书舍变会所
女子疑虐猫遭人肉声讨
早高峰，京通快速的公交车专用道上五辆私家车连环追尾，京通快速路基本上被堵死了。
湖南邵阳聘千人替城管执法罚款可提成80%
猫宿管不仅尽职尽责站在门禁上督促进出同学刷卡，还在门禁上跳芭蕾舞卖萌为自己吸引人气。
全新1系GT将打造成更为实用的紧凑型MPV，主打的是空间优势。
男子光棍节连续网购18小时累晕
3月20日，房祖名夏雨等出席电影《宝岛双雄》发布会。
9月26日中午哈尔滨市大庆副路与旭升街交口路面突然发生大面积塌陷，一辆载20多乘客的公交车的一侧后车轮陷入坑内，车体受损
本月15日斯巴鲁XV即将在国内正式上市，在前些天车型配置表曝光之后，近日其国内上市价格也提前在经销商处曝光。
26岁北京小伙樊蒙为了圆残疾妈妈的旅游梦，从今年7月11日开始，推着坐在轮椅上的母亲徒步从北京走到了云南。
6月7日上午，有网友目击到凌潇肃与@唐一菲在位于武汉的基督教荣光堂结婚。
李娜赴日比赛引争议
故宫一级文物因人为失误受损
江苏各地大幅降温，秋裤hold不住，该穿羽绒服啦！
大众进口汽车喜赢家年华活动
小房企倒闭潮涌现
刘忻PPTV快女真人秀独家专访。
肯德基速成鸡再曝隐患：花钱可买检疫合格证。
湖南邵阳目前约有千名“市容监督员”代替城管“执法”。
2012年5月19日，著名老艺术家王冰病逝，享年82岁，并于23日进行了遗体告别
佳木斯火车追尾致24人摔伤
刘德华杨幂范冰冰加盟钢铁侠3，你怎么看？
今年圣诞节将有一场引自欧洲的圣诞集市登陆上海。
忠犬1为主人1守墓6年~~感动到哭~~~~~~
曝鸟叔PSY有望上央视春晚
北京时间9月4日17点，2012伦敦残奥会盲人足球展开小组赛最后一轮的争夺。
哈尔滨至大连高速铁路已完成开通运营前的各项准备工作，将于12月1日正式开通运营
5月30日讯，苹果今天发布了2012年全球开发者大会的官方iOS应用。
四川建"五粮液"机场获批
西昌炭火烧烤被取缔
京广高铁郑武段正式通车运营与西部实现联通成网
2012年第四届BC信用卡杯冠军！
崔永元炮轰长影
南京闹市区发生路面塌陷公交车惊险坠入
客场对阵泰国武里南的比赛中，郜林打破了自己此前1407分钟的进球荒，帮助恒大亚冠小组出线。
#父亲护女遇难#走在路上白白就被砸死，连走路也不安全了，为什么总是有这么多的意外？
